[36mINFO[0m[0000] requesting page https://stackoverflow.blog/company/ 
[36mINFO[0m[0001] requesting page https://stackoverflow.blog/company/page/2/ 
[36mINFO[0m[0001] requesting article https://stackoverflow.blog/2020/01/21/scripting-the-future-of-stack-2020-plans-vision/ 
[36mINFO[0m[0001] requesting article https://stackoverflow.blog/2020/05/07/the-way-forward/ 
[36mINFO[0m[0001] requesting article https://stackoverflow.blog/2020/02/17/community-working-group-updates-february-2020/ 
[36mINFO[0m[0001] requesting article https://stackoverflow.blog/2020/04/29/more-than-qa-how-the-stack-overflow-team-uses-stack-overflow-for-teams/ 
[36mINFO[0m[0001] requesting article https://stackoverflow.blog/2020/02/25/sharing-our-first-quarter-2020-community-roadmap/ 
[36mINFO[0m[0001] requesting article https://stackoverflow.blog/2020/03/03/critical-tools-united-for-a-better-developer-workflow/ 
[36mINFO[0m[0001] requesting article https://stackoverflow.blog/2020/03/24/report-this-ad-beta-provides-more-control-over-your-advertising-experience/ 
[36mINFO[0m[0001] requesting article https://stackoverflow.blog/2020/03/11/building-a-jira-integration-for-stack-overflow-for-teams/ 
[36mINFO[0m[0001] requesting article https://stackoverflow.blog/2020/04/08/q2-community-roadmap/ 
[36mINFO[0m[0001] requesting article https://stackoverflow.blog/2020/03/09/a-message-to-our-employees-community-and-customers-on-covid-19/ 
[36mINFO[0m[0001] requesting article https://stackoverflow.blog/2020/03/30/introducing-dark-mode-for-stack-overflow/ 
[36mINFO[0m[0002] requesting page https://stackoverflow.blog/company/page/3/ 
[36mINFO[0m[0002] requesting article https://stackoverflow.blog/2019/12/04/introducing-subject-matter-experts/ 
[36mINFO[0m[0002] requesting article https://stackoverflow.blog/2019/12/11/the-loop-1-how-we-conduct-research-on-the-community-team/ 
[36mINFO[0m[0002] requesting article https://stackoverflow.blog/2019/10/10/iterating-on-inclusion/ 
[36mINFO[0m[0002] requesting article https://stackoverflow.blog/2019/06/18/adios-to-unfriendly-badges-ahoy-lifejacket-and-lifeboat/ 
[36mINFO[0m[0002] requesting article https://stackoverflow.blog/2019/10/15/the-stack-overflow-podcast-is-back/ 
[36mINFO[0m[0002] requesting article https://stackoverflow.blog/2019/07/25/introducing-custom-filters/ 
[36mINFO[0m[0002] requesting article https://stackoverflow.blog/2019/10/21/interview-stack-overflow-ceo-prashanth-chandrasekar/ 
[36mINFO[0m[0002] requesting article https://stackoverflow.blog/2019/05/17/update-to-security-incident-may-17-2019/ 
[36mINFO[0m[0002] requesting article https://stackoverflow.blog/2019/09/19/our-advertising-principles/ 
[36mINFO[0m[0002] requesting article https://stackoverflow.blog/2019/10/08/adding-static-code-analysis-to-stack-overflow/ 
[36mINFO[0m[0002] requesting article https://stackoverflow.blog/2019/12/09/tis-the-season-for-hats-join-us-for-winter-bash-2019/ 
[36mINFO[0m[0003] requesting page https://stackoverflow.blog/company/page/4/ 
[36mINFO[0m[0003] requesting article https://stackoverflow.blog/2019/05/16/security-update/ 
[36mINFO[0m[0003] requesting article https://stackoverflow.blog/2019/04/30/announcing-a-new-tier-of-stack-overflow-for-teams/ 
[36mINFO[0m[0003] requesting article https://stackoverflow.blog/2019/03/28/the-next-ceo-of-stack-overflow/ 
[36mINFO[0m[0003] requesting article https://stackoverflow.blog/2018/12/04/welcome-wagon-community-and-comments-on-stack-overflow/ 
[36mINFO[0m[0003] requesting article https://stackoverflow.blog/2019/02/14/recapping-stack-overflows-first-ever-make-a-thon/ 
[36mINFO[0m[0003] requesting article https://stackoverflow.blog/2019/01/23/our-2019-developer-survey-is-open-to-coders-everywhere/ 
[36mINFO[0m[0003] requesting article https://stackoverflow.blog/2019/01/18/state-of-the-stack-2019-a-year-in-review/ 
[36mINFO[0m[0003] requesting article https://stackoverflow.blog/2019/02/07/how-the-2019-stack-overflow-developer-survey-came-to-be-and-your-last-chance-to-take-it/ 
[36mINFO[0m[0003] requesting article https://stackoverflow.blog/2018/10/12/exciting-leadership-announcements/ 
[36mINFO[0m[0003] requesting article https://stackoverflow.blog/2018/12/20/10-years-of-stack-giving-back/ 
[36mINFO[0m[0003] requesting article https://stackoverflow.blog/2019/04/09/the-2019-stack-overflow-developer-survey-results-are-in/ 
[36mINFO[0m[0004] requesting page https://stackoverflow.blog/company/page/5/ 
[36mINFO[0m[0004] requesting article https://stackoverflow.blog/2018/08/07/get-to-know-our-new-code-of-conduct/ 
[36mINFO[0m[0004] requesting article https://stackoverflow.blog/2018/05/21/changes-to-our-privacy-and-data-policies/ 
[36mINFO[0m[0004] requesting article https://stackoverflow.blog/2018/04/26/stack-overflow-isnt-very-welcoming-its-time-for-that-to-change/ 
[36mINFO[0m[0004] requesting article https://stackoverflow.blog/2018/06/21/rolling-out-the-welcome-wagon-june-update/ 
[36mINFO[0m[0004] requesting article https://stackoverflow.blog/2018/03/27/quantum-computing-site-launches-with-the-help-of-strangeworks/ 
[36mINFO[0m[0004] requesting article https://stackoverflow.blog/2018/03/13/2018-developer-survey-results-live/ 
[36mINFO[0m[0004] requesting article https://stackoverflow.blog/2018/05/03/stack-overflow-for-teams-is-now-available/ 
[36mINFO[0m[0004] requesting article https://stackoverflow.blog/2018/07/10/welcome-wagon-classifying-comments-on-stack-overflow/ 
[36mINFO[0m[0004] requesting article https://stackoverflow.blog/2018/09/27/stack-overflow-is-10/ 
[36mINFO[0m[0004] requesting article https://stackoverflow.blog/2018/05/01/jon-skeet-answers-your-questions-irl/ 
[36mINFO[0m[0004] requesting article https://stackoverflow.blog/2018/09/13/ibm-and-stack-overflow-partner-to-support-ai-developers/ 
[36mINFO[0m[0004] requesting page https://stackoverflow.blog/company/page/6/ 
[36mINFO[0m[0004] requesting article https://stackoverflow.blog/2017/09/29/making-remote-work-behind-scenes/ 
[36mINFO[0m[0004] requesting article https://stackoverflow.blog/2017/09/19/much-developers-earn-find-stack-overflow-salary-calculator/ 
[36mINFO[0m[0004] requesting article https://stackoverflow.blog/2018/02/06/pluralsight-stack-overflow-helping-worlds-developers-learn-new-skills/ 
[36mINFO[0m[0004] requesting article https://stackoverflow.blog/2017/11/09/why-channels/ 
[36mINFO[0m[0004] requesting article https://stackoverflow.blog/2018/02/08/information-architecture-navigating-stack-overflow-enterprise-stack-exchange-sites/ 
[36mINFO[0m[0004] requesting article https://stackoverflow.blog/2018/01/08/take-2018-developer-survey/ 
[36mINFO[0m[0004] requesting article https://stackoverflow.blog/2017/09/25/can-use-new-stack-overflow-bot-microsoft/ 
[36mINFO[0m[0004] requesting article https://stackoverflow.blog/2017/07/31/podcast-114-every-conference-needs-break-dancing-greeter/ 
[36mINFO[0m[0004] requesting article https://stackoverflow.blog/2017/12/27/stack-overflow-gives-back-2017/ 
[36mINFO[0m[0004] requesting article https://stackoverflow.blog/2018/01/31/stack-exchange-2017-review/ 
[36mINFO[0m[0004] requesting article https://stackoverflow.blog/2017/12/04/designing-channels/ 
[36mINFO[0m[0005] requesting page https://stackoverflow.blog/company/page/7/ 
[36mINFO[0m[0005] requesting article https://stackoverflow.blog/2017/07/24/podcast-113-frustrating-miracles/ 
[36mINFO[0m[0005] requesting article https://stackoverflow.blog/2017/06/30/raise-voice-proclaim-need-net-neutrality/ 
[36mINFO[0m[0005] requesting article https://stackoverflow.blog/2017/05/22/stack-overflow-flipped-switch-https/ 
[36mINFO[0m[0005] requesting article https://stackoverflow.blog/2017/05/23/stack-overflow-helping-one-million-developers-exit-vim/ 
[36mINFO[0m[0005] requesting article https://stackoverflow.blog/2017/06/12/podcast-111-sre-occasionally-maintaining-infrastructure-hate/ 
[36mINFO[0m[0005] requesting article https://stackoverflow.blog/2017/06/27/new-stack-overflow-footer-pages-launch-today/ 
[36mINFO[0m[0005] requesting article https://stackoverflow.blog/2017/06/15/download-stack-overflows-2017-developer-survey-data/ 
[36mINFO[0m[0005] requesting article https://stackoverflow.blog/2017/05/20/stack-overflow-en-espanol-graduated/ 
[36mINFO[0m[0005] requesting article https://stackoverflow.blog/2017/05/24/dive-stack-overflow-jobs-search/ 
[36mINFO[0m[0005] requesting article https://stackoverflow.blog/2017/07/11/introducing-channels-private-qa-team/ 
[36mINFO[0m[0005] requesting article https://stackoverflow.blog/2017/07/17/podcast-112-please-direct-hate-mail-jay-hanlon-%e2%84%85-stack-overflow/ 
[36mINFO[0m[0006] requesting page https://stackoverflow.blog/company/page/8/ 
[36mINFO[0m[0006] requesting article https://stackoverflow.blog/2017/05/12/stack-overflow-jobs-puts-developers-first/ 
[36mINFO[0m[0006] requesting article https://stackoverflow.blog/2017/03/13/stack-overflow-podcast-104-jenn-schiffer-talks-us-fog-creeks-new-glitch/ 
[36mINFO[0m[0006] requesting article https://stackoverflow.blog/2017/03/09/anyone-actually-visit-stack-overflows-home-page/ 
[36mINFO[0m[0006] requesting article https://stackoverflow.blog/2017/05/09/introducing-stack-overflow-trends/ 
[36mINFO[0m[0006] requesting article https://stackoverflow.blog/2017/02/15/how-do-students-use-stack-overflow/ 
[36mINFO[0m[0006] requesting article https://stackoverflow.blog/2017/01/30/developers-without-borders-the-global-stack-overflow-network/ 
[36mINFO[0m[0006] requesting article https://stackoverflow.blog/2017/05/16/stack-overflow-official-app-launches-ios-android/ 
[36mINFO[0m[0006] requesting article https://stackoverflow.blog/2017/01/30/stack-overflow-podcast-100-jeff-atwood-is-back-for-today/ 
[36mINFO[0m[0006] requesting article https://stackoverflow.blog/2017/03/22/now-live-stack-overflow-developer-survey-2017-results/ 
[36mINFO[0m[0006] requesting article https://stackoverflow.blog/2017/02/14/why-stack-overflow-redesigned-the-top-navigation/ 
[36mINFO[0m[0006] requesting article https://stackoverflow.blog/2017/03/30/stack-overflow-unveils-next-steps-computer-security/ 
[36mINFO[0m[0007] requesting page https://stackoverflow.blog/company/page/9/ 
[36mINFO[0m[0007] requesting article https://stackoverflow.blog/2016/12/19/its-hat-season-announcing-winter-bash-2016/ 
[36mINFO[0m[0007] requesting article https://stackoverflow.blog/2017/01/26/year-in-review-2016/ 
[36mINFO[0m[0007] requesting article https://stackoverflow.blog/2016/12/15/you-can-now-play-with-stack-overflow-data-on-googles-bigquery/ 
[36mINFO[0m[0007] requesting article https://stackoverflow.blog/2017/01/09/say-farewell-to-winter-bash-2016/ 
[36mINFO[0m[0007] requesting article https://stackoverflow.blog/2017/01/16/stack-overflow-podcast-98-scott-hanselman-is-better-than-us-at-everything/ 
[36mINFO[0m[0007] requesting article https://stackoverflow.blog/2016/11/14/stack-overflow-job-search-better-faster-stronger/ 
[36mINFO[0m[0007] requesting article https://stackoverflow.blog/2016/11/15/how-we-make-money-at-stack-overflow-2016-edition/ 
[36mINFO[0m[0007] requesting article https://stackoverflow.blog/2016/10/26/why-stack-overflow-doesnt-care-about-ad-blockers/ 
[36mINFO[0m[0007] requesting article https://stackoverflow.blog/2017/01/11/the-2017-stack-overflow-developer-survey-is-now-live/ 
[36mINFO[0m[0007] requesting article https://stackoverflow.blog/2017/01/23/stack-overflow-podcast-99-the-requested-operation-requires-elevation/ 
[36mINFO[0m[0007] requesting article https://stackoverflow.blog/2016/12/21/stack-overflow-gives-back-2016/ 
[36mINFO[0m[0007] requesting page https://stackoverflow.blog/company/page/10/ 
[36mINFO[0m[0007] requesting article https://stackoverflow.blog/2016/10/11/bye-bye-bullets-the-stack-overflow-developer-story-is-the-new-technical-resume/ 
[36mINFO[0m[0007] requesting article https://stackoverflow.blog/2016/07/27/salary-transparency/ 
[36mINFO[0m[0007] requesting article https://stackoverflow.blog/2016/03/17/stack-overflow-developer-survey-results/ 
[36mINFO[0m[0007] requesting article https://stackoverflow.blog/2016/07/21/introducing-stack-overflow-documentation-beta/ 
[36mINFO[0m[0007] requesting article https://stackoverflow.blog/2016/01/12/year-in-review-2015/ 
[36mINFO[0m[0007] requesting article https://stackoverflow.blog/2016/07/05/podcast-71-a-bunch-of-bald-yaks/ 
[36mINFO[0m[0007] requesting article https://stackoverflow.blog/2016/05/04/welcoming-stack-overflows-new-cmo-adrianna-burrows/ 
[36mINFO[0m[0007] requesting article https://stackoverflow.blog/2016/01/07/podcast-70-david-was-wrong-and-jason-was-right/ 
[36mINFO[0m[0007] requesting article https://stackoverflow.blog/2016/06/24/learn-more-about-your-site-with-the-se-data-explorer-heres-how/ 
[36mINFO[0m[0007] requesting article https://stackoverflow.blog/2016/07/12/you-can-now-download-stack-overflows-2016-developer-survey-data/ 
[36mINFO[0m[0007] requesting article https://stackoverflow.blog/2016/10/06/international-salaries/ 
[36mINFO[0m[0008] requesting page https://stackoverflow.blog/company/page/11/ 
[36mINFO[0m[0008] requesting article https://stackoverflow.blog/2015/08/21/welcome-juan-garza-and-stack-overflow-en-espanol/ 
[36mINFO[0m[0008] requesting article https://stackoverflow.blog/2015/09/03/stack-spotlight-aurelien-gasser/ 
[36mINFO[0m[0008] requesting article https://stackoverflow.blog/2015/09/15/were-changing-our-name-back-to-stack-overflow/ 
[36mINFO[0m[0008] requesting article https://stackoverflow.blog/2015/08/13/stack-spotlight-bethany-marzewski/ 
[36mINFO[0m[0008] requesting article https://stackoverflow.blog/2015/11/11/how-we-talk-about-diversity-at-stack-overflow/ 
[36mINFO[0m[0008] requesting article https://stackoverflow.blog/2015/12/23/stack-overflow-gives-back-2015/ 
[36mINFO[0m[0008] requesting article https://stackoverflow.blog/2015/07/01/the-new-stack-exchange-blog/ 
[36mINFO[0m[0008] requesting article https://stackoverflow.blog/2016/01/06/winter-bash-2015-hats-off/ 
[36mINFO[0m[0008] requesting article https://stackoverflow.blog/2015/10/06/beyond-coding-recap-helping-emerging-developers-launch-careers/ 
[36mINFO[0m[0008] requesting article https://stackoverflow.blog/2015/12/14/announcing-winter-bash-2015/ 
[36mINFO[0m[0008] requesting article https://stackoverflow.blog/2015/12/21/bringing-jobs-to-stack-overflow/ 
[36mINFO[0m[0009] requesting page https://stackoverflow.blog/company/page/12/ 
[36mINFO[0m[0009] requesting article https://stackoverflow.blog/2015/03/25/podcast-63-the-plumbers-up-to-67-coins/ 
[36mINFO[0m[0009] requesting article https://stackoverflow.blog/2015/02/12/education-begins-at-home-improving-developer-training-in-nyc/ 
[36mINFO[0m[0009] requesting article https://stackoverflow.blog/2015/02/04/podcast-62-delete-this-whole-episode/ 
[36mINFO[0m[0009] requesting article https://stackoverflow.blog/2015/04/15/two-new-user-pages-one-new-stat-this-on/ 
[36mINFO[0m[0009] requesting article https://stackoverflow.blog/2015/04/07/stack-overflow-developer-survey-2015-the-results/ 
[36mINFO[0m[0009] requesting article https://stackoverflow.blog/2015/04/22/jnat-and-animuson-workin-on-ur-problemz/ 
[36mINFO[0m[0009] requesting article https://stackoverflow.blog/2015/05/05/introducing-beyond-coding-free-professional-skills-training-for-emerging-devs-in-nyc/ 
[36mINFO[0m[0009] requesting article https://stackoverflow.blog/2015/05/27/stack-overflow-and-andela-partner-to-provide-education-beyond-borders/ 
[36mINFO[0m[0009] requesting article https://stackoverflow.blog/2015/06/15/pivoting-into-a-new-career-please-welcome-taryn-pratt-bluefooted-community-manager/ 
[36mINFO[0m[0009] requesting article https://stackoverflow.blog/2015/06/04/stack-overflow-in-portuguese-now-with-less-beta/ 
[36mINFO[0m[0009] requesting article https://stackoverflow.blog/2015/06/11/welcome-nicolas-chabanovsky-and-stack-overflow-in-russian/ 
[36mINFO[0m[0010] requesting page https://stackoverflow.blog/company/page/13/ 
[36mINFO[0m[0010] requesting article https://stackoverflow.blog/2015/01/20/andreessen-horowitz-invests-in-stack-exchange/ 
[36mINFO[0m[0010] requesting article https://stackoverflow.blog/2014/11/11/announcing-bosun-our-new-open-source-monitoring-alerting-system/ 
[36mINFO[0m[0010] requesting article https://stackoverflow.blog/2014/12/15/winter-bash-2014/ 
[36mINFO[0m[0010] requesting article https://stackoverflow.blog/2015/01/27/targeted-jobs-for-stack-overflow/ 
[36mINFO[0m[0010] requesting article https://stackoverflow.blog/2015/01/06/so-long-winter-bash-2014/ 
[36mINFO[0m[0010] requesting article https://stackoverflow.blog/2014/12/16/stack-overflow-in-japanese/ 
[36mINFO[0m[0010] requesting article https://stackoverflow.blog/2014/10/07/new-editing-badges-and-enhancements-to-suggested-edits/ 
[36mINFO[0m[0010] requesting article https://stackoverflow.blog/2014/11/03/stack-exchange-for-the-ipad-is-here-and-ios-apps-now-support-ios-8/ 
[36mINFO[0m[0010] requesting article https://stackoverflow.blog/2014/12/24/stack-exchange-gives-back-2014/ 
[36mINFO[0m[0010] requesting article https://stackoverflow.blog/2015/01/16/why-we-still-believe-in-private-offices/ 
[36mINFO[0m[0010] requesting article https://stackoverflow.blog/2015/01/08/year-in-review-2014/ 
[36mINFO[0m[0011] requesting page https://stackoverflow.blog/company/page/14/ 
[36mINFO[0m[0011] requesting article https://stackoverflow.blog/2014/07/23/please-welcome-jmac-community-manager-of-the-rising-sun/ 
[36mINFO[0m[0011] requesting article https://stackoverflow.blog/2014/04/17/announcing-the-launch-of-meta-stack-exchange/ 
[36mINFO[0m[0011] requesting article https://stackoverflow.blog/2014/04/08/changes-and-guidelines-for-the-protected-question-status/ 
[36mINFO[0m[0011] requesting article https://stackoverflow.blog/2014/05/08/stack-exchange-for-iphone-is-here/ 
[36mINFO[0m[0011] requesting article https://stackoverflow.blog/2014/02/13/cant-we-all-be-reasonable-and-speak-english/ 
[36mINFO[0m[0011] requesting article https://stackoverflow.blog/2014/04/22/putting-the-community-back-in-wiki/ 
[36mINFO[0m[0011] requesting article https://stackoverflow.blog/2014/03/03/your-communities-list-is-now-customizable/ 
[36mINFO[0m[0011] requesting article https://stackoverflow.blog/2014/02/19/2013-stack-overflow-user-survey-results/ 
[36mINFO[0m[0011] requesting article https://stackoverflow.blog/2014/09/16/introducing-runnable-javascript-css-and-html-code-snippets/ 
[36mINFO[0m[0011] requesting article https://stackoverflow.blog/2014/03/17/podcast-56-green-or-red-curae/ 
[36mINFO[0m[0011] requesting article https://stackoverflow.blog/2014/02/24/podcast-55-dont-call-it-a-comeback/ 
[36mINFO[0m[0011] requesting page https://stackoverflow.blog/company/page/15/ 
[36mINFO[0m[0011] requesting article https://stackoverflow.blog/2013/12/04/a-new-top-bar-for-stack-exchange/ 
[36mINFO[0m[0011] requesting article https://stackoverflow.blog/2013/12/16/winter-bash-2013-is-here/ 
[36mINFO[0m[0011] requesting article https://stackoverflow.blog/2013/12/23/stack-exchange-gives-back-2013-2/ 
[36mINFO[0m[0011] requesting article https://stackoverflow.blog/2013/11/08/raised-on-the-net-please-welcome-ana-noemi-community-manager/ 
[36mINFO[0m[0011] requesting article https://stackoverflow.blog/2013/09/25/summer-hiring-happened-so-fast/ 
[36mINFO[0m[0011] requesting article https://stackoverflow.blog/2014/02/10/stack-exchange-api-v2-2-and-the-demise-of-v1-x/ 
[36mINFO[0m[0011] requesting article https://stackoverflow.blog/2014/01/29/ola-mundo-announcing-stack-overflow-in-portuguese/ 
[36mINFO[0m[0011] requesting article https://stackoverflow.blog/2013/12/18/who-are-you-take-the-2013-survey/ 
[36mINFO[0m[0011] requesting article https://stackoverflow.blog/2014/01/03/winter-bash-2013-wrap-up/ 
[36mINFO[0m[0011] requesting article https://stackoverflow.blog/2014/01/23/stack-exchange-cc-data-now-hosted-by-the-internet-archive/ 
[36mINFO[0m[0011] requesting article https://stackoverflow.blog/2014/01/27/stack-exchange-for-android-is-here/ 
[36mINFO[0m[0012] requesting page https://stackoverflow.blog/company/page/16/ 
[36mINFO[0m[0012] requesting article https://stackoverflow.blog/2013/09/16/five-years-ago-stack-overflow-launched-then-a-miracle-occurred/ 
[36mINFO[0m[0012] requesting article https://stackoverflow.blog/2013/07/01/say-hi-to-nine-of-our-newest-newbies/ 
[36mINFO[0m[0012] requesting article https://stackoverflow.blog/2013/05/20/showing-off-those-valued-associates/ 
[36mINFO[0m[0012] requesting article https://stackoverflow.blog/2013/08/12/finding-a-great-company/ 
[36mINFO[0m[0012] requesting article https://stackoverflow.blog/2013/08/05/podcast-51-the-return-of-codinghorror/ 
[36mINFO[0m[0012] requesting article https://stackoverflow.blog/2013/06/25/the-war-of-the-closes/ 
[36mINFO[0m[0012] requesting article https://stackoverflow.blog/2013/07/25/podcast-50-listen-to-this-podcast/ 
[36mINFO[0m[0012] requesting article https://stackoverflow.blog/2013/09/06/community-management-by-popular-demand-kevin-chang-joins-the-team/ 
[36mINFO[0m[0012] requesting article https://stackoverflow.blog/2013/05/31/welcome-tim-post-our-latest-community-manager/ 
[36mINFO[0m[0012] requesting article https://stackoverflow.blog/2013/08/09/please-welcome-jon-ericson-community-manager/ 
[36mINFO[0m[0012] requesting article https://stackoverflow.blog/2013/08/23/introducing-gabe-the-smiling-community-manager/ 
[36mINFO[0m[0013] requesting page https://stackoverflow.blog/company/page/17/ 
[36mINFO[0m[0013] requesting article https://stackoverflow.blog/2013/01/29/about-page-2-0-the-quickstartening/ 
[36mINFO[0m[0013] requesting article https://stackoverflow.blog/2013/02/25/max-oded-wendy-val-shefali-and-mike-welcome-to-the-family/ 
[36mINFO[0m[0013] requesting article https://stackoverflow.blog/2013/02/01/why-we-still-believe-in-working-remotely/ 
[36mINFO[0m[0013] requesting article https://stackoverflow.blog/2013/04/25/get-to-know-the-new-stack-employees/ 
[36mINFO[0m[0013] requesting article https://stackoverflow.blog/2013/04/15/introducing-our-careers-2-0-employer-resource-center/ 
[36mINFO[0m[0013] requesting article https://stackoverflow.blog/2013/03/08/2013-so-moderator-election/ 
[36mINFO[0m[0013] requesting article https://stackoverflow.blog/2013/01/15/announcing-a-new-way-to-change-your-profile-picture/ 
[36mINFO[0m[0013] requesting article https://stackoverflow.blog/2013/01/08/boxing-day/ 
[36mINFO[0m[0013] requesting article https://stackoverflow.blog/2013/01/10/podcast-40-2/ 
[36mINFO[0m[0013] requesting article https://stackoverflow.blog/2012/12/24/podcast-39-the-one-with-wil-wheaton/ 
[36mINFO[0m[0013] requesting article https://stackoverflow.blog/2013/01/25/2012-stack-overflow-user-survey-results/ 
[36mINFO[0m[0014] requesting page https://stackoverflow.blog/company/page/18/ 
[36mINFO[0m[0014] requesting article https://stackoverflow.blog/2012/12/12/stack-overflow-localizes-careers-2-0-in-german/ 
[36mINFO[0m[0014] requesting article https://stackoverflow.blog/2012/12/21/stack-exchange-gives-back-2012/ 
[36mINFO[0m[0014] requesting article https://stackoverflow.blog/2012/12/20/apptivate-ms-the-results-are-in/ 
[36mINFO[0m[0014] requesting article https://stackoverflow.blog/2012/11/26/join-stack-overflow-in-berlin-for-a-blowout-bash-on-december-5/ 
[36mINFO[0m[0014] requesting article https://stackoverflow.blog/2012/12/07/meet-the-new-additions-to-the-stack-exchange-clan/ 
[36mINFO[0m[0014] requesting article https://stackoverflow.blog/2012/11/02/stack-exchange-partners-with-denver-startup-week/ 
[36mINFO[0m[0014] requesting article https://stackoverflow.blog/2012/11/12/get-rid-of-ads-you-dont-like-and-encourage-ads-you-do-like/ 
[36mINFO[0m[0014] requesting article https://stackoverflow.blog/2012/12/10/windows-devs-on-stack-overflow-when-did-this-happen/ 
[36mINFO[0m[0014] requesting article https://stackoverflow.blog/2012/12/14/hey-there-stranger/ 
[36mINFO[0m[0014] requesting article https://stackoverflow.blog/2012/10/26/super-user-win8-challenge/ 
[36mINFO[0m[0014] requesting article https://stackoverflow.blog/2012/12/19/welcome-to-winter-bash-2012/ 
[36mINFO[0m[0014] requesting page https://stackoverflow.blog/company/page/19/ 
[36mINFO[0m[0014] requesting article https://stackoverflow.blog/2012/09/20/askpatents-com-a-stack-exchange-to-prevent-bad-patents/ 
[36mINFO[0m[0014] requesting article https://stackoverflow.blog/2012/10/09/stack-overflow-data-visualization-contest/ 
[36mINFO[0m[0014] requesting article https://stackoverflow.blog/2012/09/06/join-us-for-our-opening-reception-of-stack-exchange-denver/ 
[36mINFO[0m[0014] requesting article https://stackoverflow.blog/2012/10/17/our-newest-team-members-diandra-robert-adam-nicole-and-casey/ 
[36mINFO[0m[0014] requesting article https://stackoverflow.blog/2012/08/02/stack-exchange-now-60-valued-associates-strong/ 
[36mINFO[0m[0014] requesting article https://stackoverflow.blog/2012/10/01/join-the-stack-exchange-team-were-hiring/ 
[36mINFO[0m[0014] requesting article https://stackoverflow.blog/2012/08/21/stack-exchange-machine-learning-contest/ 
[36mINFO[0m[0014] requesting article https://stackoverflow.blog/2012/09/04/stack-exchange-api-v2-1/ 
[36mINFO[0m[0014] requesting article https://stackoverflow.blog/2012/08/08/stack-exchange-is-not-a-forum-the-role-of-niceness-on-a-qa-site/ 
[36mINFO[0m[0014] requesting article https://stackoverflow.blog/2012/09/26/apptivate-ms-a-windows-8-app-development-contest/ 
[36mINFO[0m[0014] requesting article https://stackoverflow.blog/2012/08/23/stack-exchange-takes-on-denver-welcome-to-our-new-colleagues/ 
[36mINFO[0m[0015] requesting page https://stackoverflow.blog/company/page/20/ 
[36mINFO[0m[0015] requesting article https://stackoverflow.blog/2012/06/04/2012-stack-overflow-community-moderator-election-begins/ 
[36mINFO[0m[0015] requesting article https://stackoverflow.blog/2012/05/03/highlights-from-stack-overflow-worldwide-meetups/ 
[36mINFO[0m[0015] requesting article https://stackoverflow.blog/2012/05/21/revamped-notifications/ 
[36mINFO[0m[0015] requesting article https://stackoverflow.blog/2012/04/25/when-a-site-grows-quiet/ 
[36mINFO[0m[0015] requesting article https://stackoverflow.blog/2012/07/23/week-2-of-the-summer-of-love-researching-comments/ 
[36mINFO[0m[0015] requesting article https://stackoverflow.blog/2012/07/31/the-hunting-of-the-snark/ 
[36mINFO[0m[0015] requesting article https://stackoverflow.blog/2012/05/22/encyclopedia-stack-exchange/ 
[36mINFO[0m[0015] requesting article https://stackoverflow.blog/2012/06/04/can-stack-exchange-capitalize-on-hot-trends/ 
[36mINFO[0m[0015] requesting article https://stackoverflow.blog/2012/06/08/election-participation-badges/ 
[36mINFO[0m[0015] requesting article https://stackoverflow.blog/2012/07/20/kicking-off-the-summer-of-love/ 
[36mINFO[0m[0015] requesting article https://stackoverflow.blog/2012/06/26/welcome-to-the-arqade/ 
[36mINFO[0m[0016] requesting page https://stackoverflow.blog/company/page/21/ 
[36mINFO[0m[0016] requesting article https://stackoverflow.blog/2012/04/20/more-notes-on-contest-format/ 
[36mINFO[0m[0016] requesting article https://stackoverflow.blog/2012/04/24/tips-for-planners-of-meetups/ 
[36mINFO[0m[0016] requesting article https://stackoverflow.blog/2012/04/10/stack-exchange-api-v2-0-contest-winners/ 
[36mINFO[0m[0016] requesting article https://stackoverflow.blog/2012/03/28/careers-2-0-new-features-for-hiring-developers/ 
[36mINFO[0m[0016] requesting article https://stackoverflow.blog/2012/03/26/stack-overflow-meetup-everywhere-april-28-2012/ 
[36mINFO[0m[0016] requesting article https://stackoverflow.blog/2012/03/22/respect-the-community-your-own-and-others/ 
[36mINFO[0m[0016] requesting article https://stackoverflow.blog/2012/03/02/enterprise-vs-consumer-development/ 
[36mINFO[0m[0016] requesting article https://stackoverflow.blog/2012/02/29/lets-play-the-guessing-game/ 
[36mINFO[0m[0016] requesting article https://stackoverflow.blog/2012/02/24/stack-exchanges-greatest-hits/ 
[36mINFO[0m[0016] requesting article https://stackoverflow.blog/2012/03/06/new-stack-exchange-beta-theme/ 
[36mINFO[0m[0016] requesting article https://stackoverflow.blog/2012/03/06/reputation-and-historical-archives/ 
[36mINFO[0m[0017] requesting page https://stackoverflow.blog/company/page/22/ 
[36mINFO[0m[0017] requesting article https://stackoverflow.blog/2012/02/07/farewell/ 
[36mINFO[0m[0017] requesting article https://stackoverflow.blog/2012/02/18/stack-exchange-open-source-projects/ 
[36mINFO[0m[0017] requesting article https://stackoverflow.blog/2012/01/31/the-trouble-with-popularity/ 
[36mINFO[0m[0017] requesting article https://stackoverflow.blog/2012/01/26/welcome-valued-associates-anna-rachel-carleejean-and-charles/ 
[36mINFO[0m[0017] requesting article https://stackoverflow.blog/2012/02/15/so-you-want-to-be-a-developer-part-1/ 
[36mINFO[0m[0017] requesting article https://stackoverflow.blog/2012/01/16/state-of-the-stack-2011-a-message-from-your-ceo-2/ 
[36mINFO[0m[0017] requesting article https://stackoverflow.blog/2012/02/10/survey-results/ 
[36mINFO[0m[0017] requesting article https://stackoverflow.blog/2012/02/08/stack-exchange-keyboard-shortcuts/ 
[36mINFO[0m[0017] requesting article https://stackoverflow.blog/2012/01/16/stack-exchange-data-explorer-2-0/ 
[36mINFO[0m[0017] requesting article https://stackoverflow.blog/2012/02/03/stack-exchange-api-v2-0-no-longer-beta/ 
[36mINFO[0m[0017] requesting article https://stackoverflow.blog/2011/12/27/stack-exchange-api-v2-0-public-beta/ 
[36mINFO[0m[0017] requesting page https://stackoverflow.blog/company/page/23/ 
[36mINFO[0m[0017] requesting article https://stackoverflow.blog/2011/12/14/come-here-often/ 
[36mINFO[0m[0017] requesting article https://stackoverflow.blog/2011/12/08/dont-be-afraid-to-use-the-science/ 
[36mINFO[0m[0017] requesting article https://stackoverflow.blog/2011/12/23/earned-a-stack-overflow-gold-badge-badges/ 
[36mINFO[0m[0017] requesting article https://stackoverflow.blog/2011/12/23/stack-exchange-gives-back-2011/ 
[36mINFO[0m[0017] requesting article https://stackoverflow.blog/2011/12/05/free-vote-based-advertising-launches-fourth-round/ 
[36mINFO[0m[0017] requesting article https://stackoverflow.blog/2011/12/25/intro-to-chaos-promotion-seminar/ 
[36mINFO[0m[0017] requesting article https://stackoverflow.blog/2011/12/12/protect-intellectual-property-but-not-like-this/ 
[36mINFO[0m[0017] requesting article https://stackoverflow.blog/2011/12/09/the-stack-big-board/ 
[36mINFO[0m[0017] requesting article https://stackoverflow.blog/2011/12/15/own-your-community-2/ 
[36mINFO[0m[0017] requesting article https://stackoverflow.blog/2011/12/20/gaming-holiday-promotion-hat-dash/ 
[36mINFO[0m[0017] requesting article https://stackoverflow.blog/2011/12/08/se-podcast-30-robert-cartaino-rebecca-chernoff/ 
[36mINFO[0m[0018] requesting page https://stackoverflow.blog/company/page/24/ 
[36mINFO[0m[0018] requesting article https://stackoverflow.blog/2011/11/16/se-podcast-27-dave-winer/ 
[36mINFO[0m[0018] requesting article https://stackoverflow.blog/2011/11/09/se-podcast-26/ 
[36mINFO[0m[0018] requesting article https://stackoverflow.blog/2011/11/21/improved-reviewing/ 
[36mINFO[0m[0018] requesting article https://stackoverflow.blog/2011/11/30/question-closed-and-its-probably-best-that-way/ 
[36mINFO[0m[0018] requesting article https://stackoverflow.blog/2011/12/02/the-best-of-blog-overflow-november-2011/ 
[36mINFO[0m[0018] requesting article https://stackoverflow.blog/2011/11/30/se-podcast-29-chris-poole/ 
[36mINFO[0m[0018] requesting article https://stackoverflow.blog/2011/11/03/12296496289/ 
[36mINFO[0m[0018] requesting article https://stackoverflow.blog/2011/11/11/elder-scrolls-vs-call-of-duty-livestream-4-est/ 
[36mINFO[0m[0018] requesting article https://stackoverflow.blog/2011/11/08/the-art-of-organizing-chaos/ 
[36mINFO[0m[0018] requesting article https://stackoverflow.blog/2011/11/03/the-best-of-blog-overflow-october-2011/ 
[36mINFO[0m[0018] requesting article https://stackoverflow.blog/2011/11/23/se-podcast-28-brent-ozar/ 
[36mINFO[0m[0019] requesting page https://stackoverflow.blog/company/page/25/ 
[36mINFO[0m[0019] requesting article https://stackoverflow.blog/2011/10/18/welcome-valued-associate-peter-grace/ 
[36mINFO[0m[0019] requesting article https://stackoverflow.blog/2011/10/12/se-podcast-22/ 
[36mINFO[0m[0019] requesting article https://stackoverflow.blog/2011/11/02/se-podcast-25-mark-russinovich/ 
[36mINFO[0m[0019] requesting article https://stackoverflow.blog/2011/10/05/se-podcast-21/ 
[36mINFO[0m[0019] requesting article https://stackoverflow.blog/2011/10/17/meet-bubbles/ 
[36mINFO[0m[0019] requesting article https://stackoverflow.blog/2011/10/26/se-podcast-24/ 
[36mINFO[0m[0019] requesting article https://stackoverflow.blog/2011/10/08/improved-global-email-notifications/ 
[36mINFO[0m[0019] requesting article https://stackoverflow.blog/2011/10/06/steve-jobs-1955-2011/ 
[36mINFO[0m[0019] requesting article https://stackoverflow.blog/2011/10/19/se-podcast-23/ 
[36mINFO[0m[0019] requesting article https://stackoverflow.blog/2011/09/30/stack-exchange-api-usage-stats-and-api-2-0-plans/ 
[36mINFO[0m[0019] requesting article https://stackoverflow.blog/2011/10/04/stack-exchange-becomes-an-institutional-member-of-the-tex-users-group/ 
[36mINFO[0m[0019] requesting page https://stackoverflow.blog/company/page/26/ 
[36mINFO[0m[0019] requesting article https://stackoverflow.blog/2011/09/07/se-podcast-17/ 
[36mINFO[0m[0019] requesting article https://stackoverflow.blog/2011/09/27/welcome-valued-associate-sean-gallagher/ 
[36mINFO[0m[0019] requesting article https://stackoverflow.blog/2011/09/23/bounty-reasons-and-post-notices/ 
[36mINFO[0m[0019] requesting article https://stackoverflow.blog/2011/09/19/android-vs-ios/ 
[36mINFO[0m[0019] requesting article https://stackoverflow.blog/2011/09/20/creative-commons-data-dump-sep-11/ 
[36mINFO[0m[0019] requesting article https://stackoverflow.blog/2011/09/05/expanding-user-cards/ 
[36mINFO[0m[0019] requesting article https://stackoverflow.blog/2011/09/28/se-podcast-20/ 
[36mINFO[0m[0019] requesting article https://stackoverflow.blog/2011/09/21/se-podcast-19/ 
[36mINFO[0m[0019] requesting article https://stackoverflow.blog/2011/09/14/se-podcast-18/ 
[36mINFO[0m[0019] requesting article https://stackoverflow.blog/2011/09/15/welcome-chaos/ 
[36mINFO[0m[0019] requesting article https://stackoverflow.blog/2011/09/06/devdays-2011-is-cancelled/ 
[36mINFO[0m[0020] requesting page https://stackoverflow.blog/company/page/27/ 
[36mINFO[0m[0020] requesting article https://stackoverflow.blog/2011/08/31/se-podcast-16/ 
[36mINFO[0m[0020] requesting article https://stackoverflow.blog/2011/08/22/careers-2-0-export-and-apply-with-your-profile/ 
[36mINFO[0m[0020] requesting article https://stackoverflow.blog/2011/08/19/the-future-of-community-wiki/ 
[36mINFO[0m[0020] requesting article https://stackoverflow.blog/2011/08/17/9048149395/ 
[36mINFO[0m[0020] requesting article https://stackoverflow.blog/2011/08/20/9166799699/ 
[36mINFO[0m[0020] requesting article https://stackoverflow.blog/2011/08/16/gorilla-vs-shark/ 
[36mINFO[0m[0020] requesting article https://stackoverflow.blog/2011/08/24/facebook-stackoverflow/ 
[36mINFO[0m[0020] requesting article https://stackoverflow.blog/2011/08/17/the-se-podcast-setup/ 
[36mINFO[0m[0020] requesting article https://stackoverflow.blog/2011/08/28/a-bevy-of-new-badges/ 
[36mINFO[0m[0020] requesting article https://stackoverflow.blog/2011/08/30/welcome-valued-associate-kyle-cummings/ 
[36mINFO[0m[0020] requesting article https://stackoverflow.blog/2011/08/30/welcome-valued-associate-demis-bellot/ 
[36mINFO[0m[0021] requesting page https://stackoverflow.blog/company/page/28/ 
[36mINFO[0m[0021] requesting article https://stackoverflow.blog/2011/08/01/how-to-write-a-great-developer-job-listing/ 
[36mINFO[0m[0021] requesting article https://stackoverflow.blog/2011/08/03/se-podcast-14/ 
[36mINFO[0m[0021] requesting article https://stackoverflow.blog/2011/08/10/welcome-valued-associate-grace-note/ 
[36mINFO[0m[0021] requesting article https://stackoverflow.blog/2011/08/10/reputation-not-rep/ 
[36mINFO[0m[0021] requesting article https://stackoverflow.blog/2011/08/11/8793010940/ 
[36mINFO[0m[0021] requesting article https://stackoverflow.blog/2011/08/09/improved-tagging/ 
[36mINFO[0m[0021] requesting article https://stackoverflow.blog/2011/08/04/supporting-community-conferences/ 
[36mINFO[0m[0021] requesting article https://stackoverflow.blog/2011/08/10/documenting-devdays-2011-3-e28093-more-speakers/ 
[36mINFO[0m[0021] requesting article https://stackoverflow.blog/2011/07/27/does-this-site-have-a-chance-of-succeeding/ 
[36mINFO[0m[0021] requesting article https://stackoverflow.blog/2011/08/10/se-podcast-15/ 
[36mINFO[0m[0021] requesting article https://stackoverflow.blog/2011/07/28/stack-exchange-site-newsletters/ 
[36mINFO[0m[0022] requesting page https://stackoverflow.blog/company/page/29/ 
[36mINFO[0m[0022] requesting article https://stackoverflow.blog/2011/07/21/documenting-devdays-2011-2-e28093-speakers/ 
[36mINFO[0m[0022] requesting article https://stackoverflow.blog/2011/07/21/power-laws/ 
[36mINFO[0m[0022] requesting article https://stackoverflow.blog/2011/07/11/faster-edits-with-inline-editing/ 
[36mINFO[0m[0022] requesting article https://stackoverflow.blog/2011/06/29/se-podcast-10/ 
[36mINFO[0m[0022] requesting article https://stackoverflow.blog/2011/07/20/se-podcast-12/ 
[36mINFO[0m[0022] requesting article https://stackoverflow.blog/2011/07/06/se-podcast-11-2/ 
[36mINFO[0m[0022] requesting article https://stackoverflow.blog/2011/07/14/how-much-should-you-pay-developers/ 
[36mINFO[0m[0022] requesting article https://stackoverflow.blog/2011/07/27/se-podcast-13/ 
[36mINFO[0m[0022] requesting article https://stackoverflow.blog/2011/07/01/its-ok-to-ask-and-answer-your-own-questions/ 
[36mINFO[0m[0022] requesting article https://stackoverflow.blog/2011/07/08/documenting-devdays-2011-1-picking-cities-formats/ 
[36mINFO[0m[0022] requesting article https://stackoverflow.blog/2011/07/16/mobile-stack-exchange/ 
[36mINFO[0m[0023] requesting page https://stackoverflow.blog/company/page/30/ 
[36mINFO[0m[0023] requesting article https://stackoverflow.blog/2011/06/22/se-podcast-09/ 
[36mINFO[0m[0023] requesting article https://stackoverflow.blog/2011/06/21/welcome-valued-associate-susan-stewart/ 
[36mINFO[0m[0023] requesting article https://stackoverflow.blog/2011/06/16/se-podcast-08/ 
[36mINFO[0m[0023] requesting article https://stackoverflow.blog/2011/06/09/1000000th-user/ 
[36mINFO[0m[0023] requesting article https://stackoverflow.blog/2011/06/08/se-podcast-07/ 
[36mINFO[0m[0023] requesting article https://stackoverflow.blog/2011/06/01/se-podcast-06/ 
[36mINFO[0m[0023] requesting article https://stackoverflow.blog/2011/06/15/codeplex-and-other-gateway-drugs/ 
[36mINFO[0m[0023] requesting article https://stackoverflow.blog/2011/06/23/blog-overflow/ 
[36mINFO[0m[0023] requesting article https://stackoverflow.blog/2011/06/27/devdays-is-back/ 
[36mINFO[0m[0023] requesting article https://stackoverflow.blog/2011/06/13/optimizing-for-pearls-not-sand/ 
[36mINFO[0m[0023] requesting article https://stackoverflow.blog/2011/05/31/community-promotion-ads/ 
[36mINFO[0m[0023] requesting page https://stackoverflow.blog/company/page/31/ 
[36mINFO[0m[0023] requesting article https://stackoverflow.blog/2011/05/17/the-speed-of-light-sucks/ 
[36mINFO[0m[0023] requesting article https://stackoverflow.blog/2011/05/11/se-podcast-04/ 
[36mINFO[0m[0023] requesting article https://stackoverflow.blog/2011/05/06/vote-for-this-question-or-the-kitten-gets-it/ 
[36mINFO[0m[0023] requesting article https://stackoverflow.blog/2011/05/27/stack-exchange-is-an-openid-provider/ 
[36mINFO[0m[0023] requesting article https://stackoverflow.blog/2011/04/29/inline-comment-and-post-markdown-help/ 
[36mINFO[0m[0023] requesting article https://stackoverflow.blog/2011/05/16/stack-exchange-team-at-mix-11/ 
[36mINFO[0m[0023] requesting article https://stackoverflow.blog/2011/05/13/sponsoring-lucene-net-logo-design-contest/ 
[36mINFO[0m[0023] requesting article https://stackoverflow.blog/2011/05/03/devdays-2011-planning-begins/ 
[36mINFO[0m[0023] requesting article https://stackoverflow.blog/2011/05/09/welcome-valued-associate-guy-zerega/ 
[36mINFO[0m[0023] requesting article https://stackoverflow.blog/2011/05/18/se-podcast-05/ 
[36mINFO[0m[0023] requesting article https://stackoverflow.blog/2011/05/04/se-podcast-03/ 
[36mINFO[0m[0024] requesting page https://stackoverflow.blog/company/page/32/ 
[36mINFO[0m[0024] requesting article https://stackoverflow.blog/2011/04/10/welcome-valued-associate-greg-drinkwater/ 
[36mINFO[0m[0024] requesting article https://stackoverflow.blog/2011/04/07/stack-overflow-around-the-world/ 
[36mINFO[0m[0024] requesting article https://stackoverflow.blog/2011/04/27/improved-tag-sets/ 
[36mINFO[0m[0024] requesting article https://stackoverflow.blog/2011/04/15/welcome-valued-associate-alex-miller/ 
[36mINFO[0m[0024] requesting article https://stackoverflow.blog/2011/04/27/se-podcast-02/ 
[36mINFO[0m[0024] requesting article https://stackoverflow.blog/2011/04/08/stack-overflow-world-wide-meetups-success/ 
[36mINFO[0m[0024] requesting article https://stackoverflow.blog/2011/04/12/stack-exchange-partners-with-mathjax/ 
[36mINFO[0m[0024] requesting article https://stackoverflow.blog/2011/04/20/podcast-88/ 
[36mINFO[0m[0024] requesting article https://stackoverflow.blog/2011/04/12/stack-exchange-traffic-still-growing/ 
[36mINFO[0m[0024] requesting article https://stackoverflow.blog/2011/04/08/stack-exchange-network-profiles/ 
[36mINFO[0m[0024] requesting article https://stackoverflow.blog/2011/04/06/a-bookshelf-on-your-careers-2-0-profile/ 
[36mINFO[0m[0025] requesting page https://stackoverflow.blog/company/page/33/ 
[36mINFO[0m[0025] requesting article https://stackoverflow.blog/2011/03/25/welcome-valued-associate-josh-heyer/ 
[36mINFO[0m[0025] requesting article https://stackoverflow.blog/2011/03/07/stack-overflow-and-the-computer-history-museum/ 
[36mINFO[0m[0025] requesting article https://stackoverflow.blog/2011/03/17/stack-overflow-meetups-april-6/ 
[36mINFO[0m[0025] requesting article https://stackoverflow.blog/2011/03/30/careers-2-0-now-does-github/ 
[36mINFO[0m[0025] requesting article https://stackoverflow.blog/2011/04/05/helping-the-experts-get-answers/ 
[36mINFO[0m[0025] requesting article https://stackoverflow.blog/2011/03/29/r-i-p-envelope-hello-improved-user-pages/ 
[36mINFO[0m[0025] requesting article https://stackoverflow.blog/2011/03/09/a-new-name-for-stack-overflow-with-surprise-ending/ 
[36mINFO[0m[0025] requesting article https://stackoverflow.blog/2011/03/08/peer1-hosting-exclusive/ 
[36mINFO[0m[0025] requesting article https://stackoverflow.blog/2011/03/24/redesigned-tags-page/ 
[36mINFO[0m[0025] requesting article https://stackoverflow.blog/2011/04/01/attend-one-of-stack-overflows-250-world-wide-meetups-2/ 
[36mINFO[0m[0025] requesting article https://stackoverflow.blog/2011/03/22/welcome-valued-associate-amanda-zompetti/ 
[36mINFO[0m[0025] requesting page https://stackoverflow.blog/company/page/34/ 
[36mINFO[0m[0025] requesting article https://stackoverflow.blog/2011/02/23/careers-2-0-launches/ 
[36mINFO[0m[0025] requesting article https://stackoverflow.blog/2011/02/11/stack-exchange-api-1-1-and-improved-app-gallery/ 
[36mINFO[0m[0025] requesting article https://stackoverflow.blog/2011/02/05/suggested-edits-and-edit-review/ 
[36mINFO[0m[0025] requesting article https://stackoverflow.blog/2011/02/28/our-advertisers-want-to-know/ 
[36mINFO[0m[0025] requesting article https://stackoverflow.blog/2011/02/16/blekko-and-stack-overflow/ 
[36mINFO[0m[0025] requesting article https://stackoverflow.blog/2011/02/25/welcome-valued-associate-dori-smith/ 
[36mINFO[0m[0025] requesting article https://stackoverflow.blog/2011/03/01/redesigned-users-page/ 
[36mINFO[0m[0025] requesting article https://stackoverflow.blog/2011/02/14/welcome-valued-associate-jamie-gingerelli/ 
[36mINFO[0m[0025] requesting article https://stackoverflow.blog/2011/02/18/stack-apps-and-scripts/ 
[36mINFO[0m[0025] requesting article https://stackoverflow.blog/2011/02/22/are-some-questions-too-simple/ 
[36mINFO[0m[0025] requesting article https://stackoverflow.blog/2011/02/10/community-conference-sponsorships/ 
[36mINFO[0m[0026] requesting page https://stackoverflow.blog/company/page/35/ 
[36mINFO[0m[0026] requesting article https://stackoverflow.blog/2011/01/28/area-51-gets-organized-lets-talk/ 
[36mINFO[0m[0026] requesting article https://stackoverflow.blog/2011/01/24/stack-exchange-2011-elections-begin/ 
[36mINFO[0m[0026] requesting article https://stackoverflow.blog/2011/02/04/welcome-our-new-trilogy-moderators-for-2011/ 
[36mINFO[0m[0026] requesting article https://stackoverflow.blog/2011/01/22/free-vote-based-advertising-launches-third-round/ 
[36mINFO[0m[0026] requesting article https://stackoverflow.blog/2011/01/24/state-of-the-stack-2010-a-message-from-your-ceo/ 
[36mINFO[0m[0026] requesting article https://stackoverflow.blog/2011/01/28/stack-overflow-search-now-81-less-crappy/ 
[36mINFO[0m[0026] requesting article https://stackoverflow.blog/2011/01/19/trilogy-2011-elections-begin/ 
[36mINFO[0m[0026] requesting article https://stackoverflow.blog/2011/02/02/moderator-messages/ 
[36mINFO[0m[0026] requesting article https://stackoverflow.blog/2011/01/17/real-questions-have-answers/ 
[36mINFO[0m[0026] requesting article https://stackoverflow.blog/2011/01/16/creative-commons-data-dump-jan-11/ 
[36mINFO[0m[0026] requesting article https://stackoverflow.blog/2011/01/17/welcome-valued-associate-nick-larsen/ 
[36mINFO[0m[0027] requesting page https://stackoverflow.blog/company/page/36/ 
[36mINFO[0m[0027] requesting article https://stackoverflow.blog/2011/01/08/how-to-say-thanks-in-an-answer/ 
[36mINFO[0m[0027] requesting article https://stackoverflow.blog/2011/01/12/twitter-question-feeds-for-stack-exchange/ 
[36mINFO[0m[0027] requesting article https://stackoverflow.blog/2011/01/11/survey-says/ 
[36mINFO[0m[0027] requesting article https://stackoverflow.blog/2011/01/04/welcome-valued-associate-nick-craver/ 
[36mINFO[0m[0027] requesting article https://stackoverflow.blog/2010/12/21/stack-overflow-annual-survey/ 
[36mINFO[0m[0027] requesting article https://stackoverflow.blog/2010/12/25/stack-overflow-gives-back-2010/ 
[36mINFO[0m[0027] requesting article https://stackoverflow.blog/2010/12/23/no-artificial-intelligence-in-area-51/ 
[36mINFO[0m[0027] requesting article https://stackoverflow.blog/2011/01/14/improved-flagging/ 
[36mINFO[0m[0027] requesting article https://stackoverflow.blog/2011/01/04/welcome-valued-associate-rebecca-chernoff/ 
[36mINFO[0m[0027] requesting article https://stackoverflow.blog/2011/01/05/the-wikipedia-of-long-tail-programming-questions/ 
[36mINFO[0m[0027] requesting article https://stackoverflow.blog/2011/01/11/tag-favorites-and-tag-subscriptions/ 
[36mINFO[0m[0028] requesting page https://stackoverflow.blog/company/page/37/ 
[36mINFO[0m[0028] requesting article https://stackoverflow.blog/2010/11/23/qa-is-hard-lets-go-shopping/ 
[36mINFO[0m[0028] requesting article https://stackoverflow.blog/2010/12/13/re-launching-stack-exchange-data-explorer/ 
[36mINFO[0m[0028] requesting article https://stackoverflow.blog/2010/12/15/stack-overflow-2010-analytics/ 
[36mINFO[0m[0028] requesting article https://stackoverflow.blog/2010/11/16/dr-strangedupe-or-how-i-learned-to-stop-worrying-and-love-duplication/ 
[36mINFO[0m[0028] requesting article https://stackoverflow.blog/2010/12/07/stack-overflow-rhok-partners-in-hacker-goodness/ 
[36mINFO[0m[0028] requesting article https://stackoverflow.blog/2010/11/29/the-pee-wee-herman-rule/ 
[36mINFO[0m[0028] requesting article https://stackoverflow.blog/2010/11/09/stack-overflow-homepage-changes/ 
[36mINFO[0m[0028] requesting article https://stackoverflow.blog/2010/12/17/introducing-programmers-stackexchange-com/ 
[36mINFO[0m[0028] requesting article https://stackoverflow.blog/2010/12/09/talkative-and-precognitive-badges/ 
[36mINFO[0m[0028] requesting article https://stackoverflow.blog/2010/12/20/subscribe-to-tags-via-emai/ 
[36mINFO[0m[0028] requesting article https://stackoverflow.blog/2010/12/02/stack-exchange-moderator-elections-begin/ 
[36mINFO[0m[0029] requesting page https://stackoverflow.blog/company/page/38/ 
[36mINFO[0m[0029] requesting article https://stackoverflow.blog/2010/11/09/whats-a-cv-anyway/ 
[36mINFO[0m[0029] requesting article https://stackoverflow.blog/2010/10/19/vote-early-vote-often/ 
[36mINFO[0m[0029] requesting article https://stackoverflow.blog/2010/10/30/database-upgrade/ 
[36mINFO[0m[0029] requesting article https://stackoverflow.blog/2010/10/27/code-camp-video-interview/ 
[36mINFO[0m[0029] requesting article https://stackoverflow.blog/2010/11/03/the-horror-of-no-answer-revival-and-necromancer/ 
[36mINFO[0m[0029] requesting article https://stackoverflow.blog/2010/11/03/stack-exchange-at-ubuntu-developer-summit/ 
[36mINFO[0m[0029] requesting article https://stackoverflow.blog/2010/11/04/tag-sets-on-stack-exchange/ 
[36mINFO[0m[0029] requesting article https://stackoverflow.blog/2010/10/21/when-will-my-site-graduate/ 
[36mINFO[0m[0029] requesting article https://stackoverflow.blog/2010/11/01/rovio-or-how-to-annoy-your-coworkers-from-200-miles-away/ 
[36mINFO[0m[0029] requesting article https://stackoverflow.blog/2010/10/22/datacenter-migration-oct-23/ 
[36mINFO[0m[0029] requesting article https://stackoverflow.blog/2010/10/29/stack-overflow-results-featured-in-msdn-search/ 
[36mINFO[0m[0029] requesting page https://stackoverflow.blog/company/page/39/ 
[36mINFO[0m[0029] requesting article https://stackoverflow.blog/2010/10/08/search-all-stack-exchange-sites/ 
[36mINFO[0m[0029] requesting article https://stackoverflow.blog/2010/10/07/membership-has-its-privileges/ 
[36mINFO[0m[0029] requesting article https://stackoverflow.blog/2010/10/04/asking-better-questions/ 
[36mINFO[0m[0029] requesting article https://stackoverflow.blog/2010/10/14/new-question-migration-paths/ 
[36mINFO[0m[0029] requesting article https://stackoverflow.blog/2010/10/15/stack-overflow-chat-now-live/ 
[36mINFO[0m[0029] requesting article https://stackoverflow.blog/2010/10/14/the-best-damn-careers-site/ 
[36mINFO[0m[0029] requesting article https://stackoverflow.blog/2010/10/13/millionth-stack-overflow-question/ 
[36mINFO[0m[0029] requesting article https://stackoverflow.blog/2010/10/05/domain-names-the-wrong-question/ 
[36mINFO[0m[0029] requesting article https://stackoverflow.blog/2010/10/11/ubuntu-stack-exchange-is-askubuntu-com/ 
[36mINFO[0m[0029] requesting article https://stackoverflow.blog/2010/10/13/stack-exchange-naming-for-dummies/ 
[36mINFO[0m[0029] requesting article https://stackoverflow.blog/2010/10/09/stack-overflow-outage-2/ 
[36mINFO[0m[0030] requesting page https://stackoverflow.blog/company/page/40/ 
[36mINFO[0m[0030] requesting article https://stackoverflow.blog/2010/10/01/an-area-51-apology-and-clarification/ 
[36mINFO[0m[0030] requesting article https://stackoverflow.blog/2010/09/28/server-fault-hiring-from-the-community-agai/ 
[36mINFO[0m[0030] requesting article https://stackoverflow.blog/2010/09/17/merging-season/ 
[36mINFO[0m[0030] requesting article https://stackoverflow.blog/2010/09/29/good-subjective-bad-subjective/ 
[36mINFO[0m[0030] requesting article https://stackoverflow.blog/2010/09/16/super-user-chat-now-available/ 
[36mINFO[0m[0030] requesting article https://stackoverflow.blog/2010/09/28/factionalism-site-or-tag/ 
[36mINFO[0m[0030] requesting article https://stackoverflow.blog/2010/09/11/global-network-auto-login/ 
[36mINFO[0m[0030] requesting article https://stackoverflow.blog/2010/10/01/our-first-area-51-site-goes-public/ 
[36mINFO[0m[0030] requesting article https://stackoverflow.blog/2010/09/14/pruning-season/ 
[36mINFO[0m[0030] requesting article https://stackoverflow.blog/2010/09/23/flair-now-even-flairier/ 
[36mINFO[0m[0030] requesting article https://stackoverflow.blog/2010/09/28/new-global-inbox/ 
[36mINFO[0m[0031] requesting page https://stackoverflow.blog/company/page/41/ 
[36mINFO[0m[0031] requesting article https://stackoverflow.blog/2010/09/04/customizing-stackexchange-com/ 
[36mINFO[0m[0031] requesting article https://stackoverflow.blog/2010/08/19/super-user-1-year-anniversary-super-contest/ 
[36mINFO[0m[0031] requesting article https://stackoverflow.blog/2010/09/10/server-fault-chat-now-available/ 
[36mINFO[0m[0031] requesting article https://stackoverflow.blog/2010/08/29/stack-overflow-sponsors-haproxy/ 
[36mINFO[0m[0031] requesting article https://stackoverflow.blog/2010/09/09/announcer-booster-and-publicist-badges/ 
[36mINFO[0m[0031] requesting article https://stackoverflow.blog/2010/09/01/what-happens-when-you-reach-200k-reputation/ 
[36mINFO[0m[0031] requesting article https://stackoverflow.blog/2010/09/02/fork-it/ 
[36mINFO[0m[0031] requesting article https://stackoverflow.blog/2010/08/27/new-tag-info-pages/ 
[36mINFO[0m[0031] requesting article https://stackoverflow.blog/2010/08/20/should-unix-linux-and-ubuntu-be-merged-vote/ 
[36mINFO[0m[0031] requesting article https://stackoverflow.blog/2010/08/23/a-recipe-to-promote-your-site/ 
[36mINFO[0m[0031] requesting article https://stackoverflow.blog/2010/08/18/new-image-upload-support/ 
[36mINFO[0m[0031] requesting page https://stackoverflow.blog/company/page/42/ 
[36mINFO[0m[0031] requesting article https://stackoverflow.blog/2010/08/05/chat-now-in-public-beta/ 
[36mINFO[0m[0031] requesting article https://stackoverflow.blog/2010/07/22/new-per-site-metas/ 
[36mINFO[0m[0031] requesting article https://stackoverflow.blog/2010/08/15/stack-exchange-api-contest-winners/ 
[36mINFO[0m[0031] requesting article https://stackoverflow.blog/2010/08/11/defending-attribution-required/ 
[36mINFO[0m[0031] requesting article https://stackoverflow.blog/2010/08/03/a-surprisingly-accurate-depiction-of-a-typical-work-day/ 
[36mINFO[0m[0031] requesting article https://stackoverflow.blog/2010/07/27/moderator-pro-tempore/ 
[36mINFO[0m[0031] requesting article https://stackoverflow.blog/2010/08/01/tag-folksonomy-and-tag-synonyms/ 
[36mINFO[0m[0031] requesting article https://stackoverflow.blog/2010/08/14/unix-and-ubuntu-why-both/ 
[36mINFO[0m[0031] requesting article https://stackoverflow.blog/2010/08/07/the-death-of-meta-tags/ 
[36mINFO[0m[0031] requesting article https://stackoverflow.blog/2010/08/13/network-central-stackexchange-com/ 
[36mINFO[0m[0031] requesting article https://stackoverflow.blog/2010/07/19/jin-on-hanselminutes/ 
[36mINFO[0m[0032] requesting page https://stackoverflow.blog/company/page/43/ 
[36mINFO[0m[0032] requesting article https://stackoverflow.blog/2010/07/14/third-place-chat-beta-preview/ 
[36mINFO[0m[0032] requesting article https://stackoverflow.blog/2010/07/08/stack-exchange-api-1-0-imminent/ 
[36mINFO[0m[0032] requesting article https://stackoverflow.blog/2010/07/09/stack-exchange-on-herding-code/ 
[36mINFO[0m[0032] requesting article https://stackoverflow.blog/2010/07/07/area-51-first-public-beta/ 
[36mINFO[0m[0032] requesting article https://stackoverflow.blog/2010/07/13/domain-names/ 
[36mINFO[0m[0032] requesting article https://stackoverflow.blog/2010/07/02/our-designer-in-residence-jin-yang/ 
[36mINFO[0m[0032] requesting article https://stackoverflow.blog/2010/07/12/improvements-to-badge-system/ 
[36mINFO[0m[0032] requesting article https://stackoverflow.blog/2010/07/07/area-51-asking-the-first-questions/ 
[36mINFO[0m[0032] requesting article https://stackoverflow.blog/2010/06/29/server-fault-hiring-from-the-community/ 
[36mINFO[0m[0032] requesting article https://stackoverflow.blog/2010/07/11/summer-2010-moderator-appointments/ 
[36mINFO[0m[0032] requesting article https://stackoverflow.blog/2010/07/10/the-7-essential-meta-questions-of-every-beta/ 
[36mINFO[0m[0033] requesting page https://stackoverflow.blog/company/page/44/ 
[36mINFO[0m[0033] requesting article https://stackoverflow.blog/2010/06/23/careers-now-more-awesomer/ 
[36mINFO[0m[0033] requesting article https://stackoverflow.blog/2010/06/16/area-51-we-come-in-peace/ 
[36mINFO[0m[0033] requesting article https://stackoverflow.blog/2010/06/27/area-51-trusting-the-community/ 
[36mINFO[0m[0033] requesting article https://stackoverflow.blog/2010/06/25/stack-exchange-data-explorer-open-sourced/ 
[36mINFO[0m[0033] requesting article https://stackoverflow.blog/2010/06/23/workin-on-ur-problemz/ 
[36mINFO[0m[0033] requesting article https://stackoverflow.blog/2010/06/14/new-hires-in-new-york/ 
[36mINFO[0m[0033] requesting article https://stackoverflow.blog/2010/06/11/free-vote-based-advertising-launches-second-round/ 
[36mINFO[0m[0033] requesting article https://stackoverflow.blog/2010/06/19/improvements-to-bounty-system/ 
[36mINFO[0m[0033] requesting article https://stackoverflow.blog/2010/06/13/introducing-stack-exchange-data-explorer/ 
[36mINFO[0m[0033] requesting article https://stackoverflow.blog/2010/06/24/devdays/ 
[36mINFO[0m[0033] requesting article https://stackoverflow.blog/2010/06/25/welcome-stack-overflow-valued-associate-00008/ 
[36mINFO[0m[0034] requesting page https://stackoverflow.blog/company/page/45/ 
[36mINFO[0m[0034] requesting article https://stackoverflow.blog/2010/06/01/migration-of-se-1-0-sites/ 
[36mINFO[0m[0034] requesting article https://stackoverflow.blog/2010/06/09/welcome-stack-overflow-valued-associates-00006-and-00007/ 
[36mINFO[0m[0034] requesting article https://stackoverflow.blog/2010/06/08/guidelines-for-use-of-our-logo-and-name/ 
[36mINFO[0m[0034] requesting article https://stackoverflow.blog/2010/05/24/interview-with-lead-developer-david-fullerton/ 
[36mINFO[0m[0034] requesting article https://stackoverflow.blog/2010/06/10/improved-question-merging/ 
[36mINFO[0m[0034] requesting article https://stackoverflow.blog/2010/05/26/one-year-of-server-fault/ 
[36mINFO[0m[0034] requesting article https://stackoverflow.blog/2010/05/20/stack-exchange-api-public-beta-starts/ 
[36mINFO[0m[0034] requesting article https://stackoverflow.blog/2010/05/24/stack-exchange-api-contest/ 
[36mINFO[0m[0034] requesting article https://stackoverflow.blog/2010/05/31/academic-papers-using-stack-overflow-data/ 
[36mINFO[0m[0034] requesting article https://stackoverflow.blog/2010/06/07/new-protected-question-status/ 
[36mINFO[0m[0034] requesting article https://stackoverflow.blog/2010/05/23/generalist-badge-implemented/ 
[36mINFO[0m[0034] requesting page https://stackoverflow.blog/company/page/46/ 
[36mINFO[0m[0034] requesting article https://stackoverflow.blog/2010/04/26/new-linked-posts/ 
[36mINFO[0m[0034] requesting article https://stackoverflow.blog/2010/05/14/new-top-bugs-and-top-requests-on-meta/ 
[36mINFO[0m[0034] requesting article https://stackoverflow.blog/2010/04/26/podcast-87/ 
[36mINFO[0m[0034] requesting article https://stackoverflow.blog/2010/05/09/joel-on-this-week-in-startups/ 
[36mINFO[0m[0034] requesting article https://stackoverflow.blog/2010/05/04/announcing-our-series-a/ 
[36mINFO[0m[0034] requesting article https://stackoverflow.blog/2010/05/06/stack-overflow-funding-chat-qa-transcript/ 
[36mINFO[0m[0034] requesting article https://stackoverflow.blog/2010/04/24/hanselminutes-the-future-of-stack-overflow/ 
[36mINFO[0m[0034] requesting article https://stackoverflow.blog/2010/04/29/do-trilogy-sites-need-a-third-place/ 
[36mINFO[0m[0034] requesting article https://stackoverflow.blog/2010/05/11/a-little-steam-giveaway/ 
[36mINFO[0m[0034] requesting article https://stackoverflow.blog/2010/05/19/new-automatic-account-association/ 
[36mINFO[0m[0034] requesting article https://stackoverflow.blog/2010/05/13/our-brick-in-the-computer-history-museum-wall/ 
[36mINFO[0m[0035] requesting page https://stackoverflow.blog/company/page/47/ 
[36mINFO[0m[0035] requesting article https://stackoverflow.blog/2010/04/23/stack-overflow-and-dvcs/ 
[36mINFO[0m[0035] requesting article https://stackoverflow.blog/2010/04/19/welcome-stack-overflow-valued-associate-00005/ 
[36mINFO[0m[0035] requesting article https://stackoverflow.blog/2010/04/13/openid-one-year-later/ 
[36mINFO[0m[0035] requesting article https://stackoverflow.blog/2010/03/24/podcast-86/ 
[36mINFO[0m[0035] requesting article https://stackoverflow.blog/2010/04/16/just-another-brick-in-the-computer-history-wall/ 
[36mINFO[0m[0035] requesting article https://stackoverflow.blog/2010/04/13/changes-to-stack-exchange/ 
[36mINFO[0m[0035] requesting article https://stackoverflow.blog/2010/03/31/stack-overflow-api-private-beta-starts/ 
[36mINFO[0m[0035] requesting article https://stackoverflow.blog/2010/03/31/reminder-its-april-1st/ 
[36mINFO[0m[0035] requesting article https://stackoverflow.blog/2010/03/26/moderator-changes-on-super-user/ 
[36mINFO[0m[0035] requesting article https://stackoverflow.blog/2010/04/06/new-10k-feature-inline-tagging/ 
[36mINFO[0m[0035] requesting article https://stackoverflow.blog/2010/03/31/party/ 
[36mINFO[0m[0036] requesting page https://stackoverflow.blog/company/page/48/ 
[36mINFO[0m[0036] requesting article https://stackoverflow.blog/2010/03/16/more-trilogy-sites/ 
[36mINFO[0m[0036] requesting article https://stackoverflow.blog/2010/03/13/podcast-85/ 
[36mINFO[0m[0036] requesting article https://stackoverflow.blog/2010/03/19/important-reputation-rule-changes/ 
[36mINFO[0m[0036] requesting article https://stackoverflow.blog/2010/02/11/podcast-83/ 
[36mINFO[0m[0036] requesting article https://stackoverflow.blog/2010/02/10/whatever-were-doing-together-apparently-its-working/ 
[36mINFO[0m[0036] requesting article https://stackoverflow.blog/2010/03/11/welcome-stack-overflow-valued-associate-000004/ 
[36mINFO[0m[0036] requesting article https://stackoverflow.blog/2010/03/14/podcast-future/ 
[36mINFO[0m[0036] requesting article https://stackoverflow.blog/2010/03/21/the-great-reputation-recalc-begins/ 
[36mINFO[0m[0036] requesting article https://stackoverflow.blog/2010/02/20/podcast-84/ 
[36mINFO[0m[0036] requesting article https://stackoverflow.blog/2010/03/01/our-sidekick-ifixit-com/ 
[36mINFO[0m[0036] requesting article https://stackoverflow.blog/2010/02/09/stack-overflow-2010-moderator-election-results/ 
[36mINFO[0m[0036] requesting page https://stackoverflow.blog/company/page/49/ 
[36mINFO[0m[0036] requesting article https://stackoverflow.blog/2010/02/07/thermal-event-at-datacenter/ 
[36mINFO[0m[0036] requesting article https://stackoverflow.blog/2010/02/05/podcast-82/ 
[36mINFO[0m[0036] requesting article https://stackoverflow.blog/2010/01/22/careers-success-stories/ 
[36mINFO[0m[0036] requesting article https://stackoverflow.blog/2010/01/29/open-source-ad-stats/ 
[36mINFO[0m[0036] requesting article https://stackoverflow.blog/2010/02/01/stack-overflow-2010-moderator-election-begins/ 
[36mINFO[0m[0036] requesting article https://stackoverflow.blog/2010/01/16/new-improved-comments-with-reply/ 
[36mINFO[0m[0036] requesting article https://stackoverflow.blog/2010/01/21/podcast-80/ 
[36mINFO[0m[0036] requesting article https://stackoverflow.blog/2010/02/04/stack-exchange-gets-a-blog/ 
[36mINFO[0m[0036] requesting article https://stackoverflow.blog/2010/01/19/welcome-new-super-user-moderators/ 
[36mINFO[0m[0036] requesting article https://stackoverflow.blog/2010/02/01/podcast-81/ 
[36mINFO[0m[0036] requesting article https://stackoverflow.blog/2010/01/25/six-whys-or-never-trust-your-network-switch/ 
[36mINFO[0m[0037] requesting page https://stackoverflow.blog/company/page/50/ 
[36mINFO[0m[0037] requesting article https://stackoverflow.blog/2009/12/28/introducing-markdownsharp/ 
[36mINFO[0m[0037] requesting article https://stackoverflow.blog/2010/01/14/stack-overflow-2010-moderator-nominations/ 
[36mINFO[0m[0037] requesting article https://stackoverflow.blog/2010/01/06/eating-our-own-careers-dogfood/ 
[36mINFO[0m[0037] requesting article https://stackoverflow.blog/2010/01/14/stack-overflow-network-configuration/ 
[36mINFO[0m[0037] requesting article https://stackoverflow.blog/2010/01/01/stack-overflow-gives-back/ 
[36mINFO[0m[0037] requesting article https://stackoverflow.blog/2009/12/24/podcast-78/ 
[36mINFO[0m[0037] requesting article https://stackoverflow.blog/2010/01/15/what-would-a-stack-overflow-api-look-like/ 
[36mINFO[0m[0037] requesting article https://stackoverflow.blog/2010/01/04/stack-overflow-where-we-hate-fun/ 
[36mINFO[0m[0037] requesting article https://stackoverflow.blog/2010/01/10/podcast-79/ 
[36mINFO[0m[0037] requesting article https://stackoverflow.blog/2010/01/03/new-lower-careers-pricing/ 
[36mINFO[0m[0037] requesting article https://stackoverflow.blog/2010/01/13/coming-soon-stack-overflow-t-shirts/ 
[36mINFO[0m[0038] requesting page https://stackoverflow.blog/company/page/51/ 
[36mINFO[0m[0038] requesting article https://stackoverflow.blog/2009/12/08/stack-overflow-trilogy-lego-minifigs/ 
[36mINFO[0m[0038] requesting article https://stackoverflow.blog/2009/12/13/blog-outage-backup-policies/ 
[36mINFO[0m[0038] requesting article https://stackoverflow.blog/2009/12/19/free-vote-based-advertising-for-open-source-projects/ 
[36mINFO[0m[0038] requesting article https://stackoverflow.blog/2009/12/16/badges-positive-only/ 
[36mINFO[0m[0038] requesting article https://stackoverflow.blog/2009/12/14/stack-overflow-rack-glamour-shots/ 
[36mINFO[0m[0038] requesting article https://stackoverflow.blog/2009/12/17/podcast-77/ 
[36mINFO[0m[0038] requesting article https://stackoverflow.blog/2009/12/05/database-server-upgrade-outage-today/ 
[36mINFO[0m[0038] requesting article https://stackoverflow.blog/2009/12/02/careers-now-open-for-businesses/ 
[36mINFO[0m[0038] requesting article https://stackoverflow.blog/2009/12/04/podcast-76/ 
[36mINFO[0m[0038] requesting article https://stackoverflow.blog/2009/12/18/scheduled-site-maintenance-saturday/ 
[36mINFO[0m[0038] requesting article https://stackoverflow.blog/2009/11/26/google-offers-named-openids/ 
[36mINFO[0m[0038] requesting page https://stackoverflow.blog/company/page/52/ 
[36mINFO[0m[0038] requesting article https://stackoverflow.blog/2009/11/07/podcast-73/ 
[36mINFO[0m[0038] requesting article https://stackoverflow.blog/2009/11/05/our-amazon-advertising-experiment/ 
[36mINFO[0m[0038] requesting article https://stackoverflow.blog/2009/10/23/alternate-sorting-orders/ 
[36mINFO[0m[0038] requesting article https://stackoverflow.blog/2009/11/24/podcast-75/ 
[36mINFO[0m[0038] requesting article https://stackoverflow.blog/2009/11/19/careers-employer-beta-underway/ 
[36mINFO[0m[0038] requesting article https://stackoverflow.blog/2009/10/29/free-public-careers-cvs/ 
[36mINFO[0m[0038] requesting article https://stackoverflow.blog/2009/10/22/podcast-71/ 
[36mINFO[0m[0038] requesting article https://stackoverflow.blog/2009/11/24/server-fault-and-the-powerscripting-podcast/ 
[36mINFO[0m[0038] requesting article https://stackoverflow.blog/2009/10/16/stack-overflow-outage/ 
[36mINFO[0m[0038] requesting article https://stackoverflow.blog/2009/11/19/podcast-74/ 
[36mINFO[0m[0038] requesting article https://stackoverflow.blog/2009/10/30/podcast-72/ 
[36mINFO[0m[0039] requesting page https://stackoverflow.blog/company/page/53/ 
[36mINFO[0m[0039] requesting article https://stackoverflow.blog/2009/09/24/congrats-on-100k-rep/ 
[36mINFO[0m[0039] requesting article https://stackoverflow.blog/2009/09/18/help-stackexchange-with-colors/ 
[36mINFO[0m[0039] requesting article https://stackoverflow.blog/2009/10/15/podcast-70/ 
[36mINFO[0m[0039] requesting article https://stackoverflow.blog/2009/10/15/markdown-one-year-later/ 
[36mINFO[0m[0039] requesting article https://stackoverflow.blog/2009/09/30/podcast-69/ 
[36mINFO[0m[0039] requesting article https://stackoverflow.blog/2009/10/07/introducing-stack-overflow-careers/ 
[36mINFO[0m[0039] requesting article https://stackoverflow.blog/2009/09/29/free-trilogy-stickers-for-top-users/ 
[36mINFO[0m[0039] requesting article https://stackoverflow.blog/2009/09/18/podcast-68/ 
[36mINFO[0m[0039] requesting article https://stackoverflow.blog/2009/09/30/one-million-pageviews/ 
[36mINFO[0m[0039] requesting article https://stackoverflow.blog/2009/10/07/stickers-for-stackers/ 
[36mINFO[0m[0039] requesting article https://stackoverflow.blog/2009/09/11/new-dns-provider/ 
[36mINFO[0m[0040] requesting page https://stackoverflow.blog/company/page/54/ 
[36mINFO[0m[0040] requesting article https://stackoverflow.blog/2009/09/04/load-balancing-stack-overflow/ 
[36mINFO[0m[0040] requesting article https://stackoverflow.blog/2009/09/03/podcast-66/ 
[36mINFO[0m[0040] requesting article https://stackoverflow.blog/2009/08/23/new-question-asker-features/ 
[36mINFO[0m[0040] requesting article https://stackoverflow.blog/2009/09/09/how-to-get-stack-overflow-stickers/ 
[36mINFO[0m[0040] requesting article https://stackoverflow.blog/2009/08/21/browsers-and-screen-size-on-stack-overflow/ 
[36mINFO[0m[0040] requesting article https://stackoverflow.blog/2009/09/02/the-first-super-user-with-10k-rep/ 
[36mINFO[0m[0040] requesting article https://stackoverflow.blog/2009/08/25/yet-another-reason-to-dislike-france/ 
[36mINFO[0m[0040] requesting article https://stackoverflow.blog/2009/09/04/i-heart-stack-overflow/ 
[36mINFO[0m[0040] requesting article https://stackoverflow.blog/2009/09/10/podcast-67/ 
[36mINFO[0m[0040] requesting article https://stackoverflow.blog/2009/08/22/us-versus-hyphen/ 
[36mINFO[0m[0040] requesting article https://stackoverflow.blog/2009/08/28/in-stickers-we-trust/ 
[36mINFO[0m[0041] requesting page https://stackoverflow.blog/company/page/55/ 
[36mINFO[0m[0041] requesting article https://stackoverflow.blog/2009/08/10/coming-soon-trilogy-stickers/ 
[36mINFO[0m[0041] requesting article https://stackoverflow.blog/2009/08/17/congratulations-super-user-moderators/ 
[36mINFO[0m[0041] requesting article https://stackoverflow.blog/2009/08/18/super-user-now-public/ 
[36mINFO[0m[0041] requesting article https://stackoverflow.blog/2009/07/30/howtogeek-and-stack-overflow/ 
[36mINFO[0m[0041] requesting article https://stackoverflow.blog/2009/07/30/podcast-63/ 
[36mINFO[0m[0041] requesting article https://stackoverflow.blog/2009/07/31/happy-sysadmin-appreciation-day/ 
[36mINFO[0m[0041] requesting article https://stackoverflow.blog/2009/08/09/a-few-speed-improvements/ 
[36mINFO[0m[0041] requesting article https://stackoverflow.blog/2009/08/13/podcast-65/ 
[36mINFO[0m[0041] requesting article https://stackoverflow.blog/2009/08/12/stack-overflow-and-doctype/ 
[36mINFO[0m[0041] requesting article https://stackoverflow.blog/2009/08/01/one-year-of-stack-overflow/ 
[36mINFO[0m[0041] requesting article https://stackoverflow.blog/2009/08/06/podcast-64/ 
[36mINFO[0m[0041] requesting page https://stackoverflow.blog/company/page/56/ 
[36mINFO[0m[0041] requesting article https://stackoverflow.blog/2009/07/26/why-cant-you-have-just-one-site/ 
[36mINFO[0m[0041] requesting article https://stackoverflow.blog/2009/07/15/super-user-semi-private-beta-begins/ 
[36mINFO[0m[0041] requesting article https://stackoverflow.blog/2009/07/22/stack-overflow-flash-mobs/ 
[36mINFO[0m[0041] requesting article https://stackoverflow.blog/2009/07/13/reversal-and-pundit-badges/ 
[36mINFO[0m[0041] requesting article https://stackoverflow.blog/2009/07/17/high-scalability-blog-on-stack-overflow/ 
[36mINFO[0m[0041] requesting article https://stackoverflow.blog/2009/07/29/stack-overflow-search-now-61-less-crappy/ 
[36mINFO[0m[0041] requesting article https://stackoverflow.blog/2009/07/23/podcast-62/ 
[36mINFO[0m[0041] requesting article https://stackoverflow.blog/2009/07/16/podcast-61/ 
[36mINFO[0m[0041] requesting article https://stackoverflow.blog/2009/07/14/migrate-questions-between-websites/ 
[36mINFO[0m[0041] requesting article https://stackoverflow.blog/2009/07/23/non-english-question-policy/ 
[36mINFO[0m[0041] requesting article https://stackoverflow.blog/2009/07/10/this-just-in-stack-overflow-defeats-google/ 
[36mINFO[0m[0042] requesting page https://stackoverflow.blog/company/page/57/ 
[36mINFO[0m[0042] requesting article https://stackoverflow.blog/2009/07/02/podcast-60/ 
[36mINFO[0m[0042] requesting article https://stackoverflow.blog/2009/07/06/are-you-a-human-being/ 
[36mINFO[0m[0042] requesting article https://stackoverflow.blog/2009/07/05/database-server-upgrade-48-gb/ 
[36mINFO[0m[0042] requesting article https://stackoverflow.blog/2009/06/28/cmon-get-meta/ 
[36mINFO[0m[0042] requesting article https://stackoverflow.blog/2009/07/02/logo-contest-winner-for-superusercom/ 
[36mINFO[0m[0042] requesting article https://stackoverflow.blog/2009/07/04/welcome-new-server-fault-moderator/ 
[36mINFO[0m[0042] requesting article https://stackoverflow.blog/2009/06/26/enthusiast-and-fanatic-badges/ 
[36mINFO[0m[0042] requesting article https://stackoverflow.blog/2009/06/24/podcast-59/ 
[36mINFO[0m[0042] requesting article https://stackoverflow.blog/2009/06/21/stack-overflow-developer-lair/ 
[36mINFO[0m[0042] requesting article https://stackoverflow.blog/2009/06/30/superuser-com-logo-vote/ 
[36mINFO[0m[0042] requesting article https://stackoverflow.blog/2009/06/25/attribution-required/ 
[36mINFO[0m[0043] requesting page https://stackoverflow.blog/company/page/58/ 
[36mINFO[0m[0043] requesting article https://stackoverflow.blog/2009/06/18/podcast-58/ 
[36mINFO[0m[0043] requesting article https://stackoverflow.blog/2009/06/04/podcast-56/ 
[36mINFO[0m[0043] requesting article https://stackoverflow.blog/2009/06/04/stack-overflow-creative-commons-data-dump/ 
[36mINFO[0m[0043] requesting article https://stackoverflow.blog/2009/06/01/new-tag-statistics/ 
[36mINFO[0m[0043] requesting article https://stackoverflow.blog/2009/06/11/podcast-57/ 
[36mINFO[0m[0043] requesting article https://stackoverflow.blog/2009/05/30/improved-email-notifications/ 
[36mINFO[0m[0043] requesting article https://stackoverflow.blog/2009/06/03/jobs-at-stack-overflow/ 
[36mINFO[0m[0043] requesting article https://stackoverflow.blog/2009/06/16/the-perfect-web-spider-storm/ 
[36mINFO[0m[0043] requesting article https://stackoverflow.blog/2009/05/31/the-stack-overflow-trilogy/ 
[36mINFO[0m[0043] requesting article https://stackoverflow.blog/2009/06/16/logo-design-contest-for-superuser-com/ 
[36mINFO[0m[0043] requesting article https://stackoverflow.blog/2009/05/28/podcast-55/ 
[36mINFO[0m[0044] requesting page https://stackoverflow.blog/company/page/59/ 
[36mINFO[0m[0044] requesting article https://stackoverflow.blog/2009/05/21/welcome-stack-overflow-valued-associate-00003/ 
[36mINFO[0m[0044] requesting article https://stackoverflow.blog/2009/05/27/server-fault-public-beta-launches/ 
[36mINFO[0m[0044] requesting article https://stackoverflow.blog/2009/05/14/podcast-53/ 
[36mINFO[0m[0044] requesting article https://stackoverflow.blog/2009/05/17/server-fault-public-beta-nears/ 
[36mINFO[0m[0044] requesting article https://stackoverflow.blog/2009/05/07/interesting-and-ignored-tags-now-support-wildcards/ 
[36mINFO[0m[0044] requesting article https://stackoverflow.blog/2009/05/12/stack-overflow-developer-days-conference/ 
[36mINFO[0m[0044] requesting article https://stackoverflow.blog/2009/05/15/nowearn-valuable-flair/ 
[36mINFO[0m[0044] requesting article https://stackoverflow.blog/2009/05/20/linking-duplicate-questions/ 
[36mINFO[0m[0044] requesting article https://stackoverflow.blog/2009/05/18/a-theory-of-moderation/ 
[36mINFO[0m[0044] requesting article https://stackoverflow.blog/2009/05/19/welcome-new-community-moderators/ 
[36mINFO[0m[0044] requesting article https://stackoverflow.blog/2009/05/21/podcast-54/ 
[36mINFO[0m[0044] requesting page https://stackoverflow.blog/company/page/60/ 
[36mINFO[0m[0044] requesting article https://stackoverflow.blog/2009/04/23/podcast-50/ 
[36mINFO[0m[0044] requesting article https://stackoverflow.blog/2009/05/07/podcast-52/ 
[36mINFO[0m[0044] requesting article https://stackoverflow.blog/2009/04/22/how-many-questions-are-closed-or-deleted/ 
[36mINFO[0m[0044] requesting article https://stackoverflow.blog/2009/05/06/stack-overflow-moderator-voting-now-open/ 
[36mINFO[0m[0044] requesting article https://stackoverflow.blog/2009/05/02/joel-talks-about-stack-overflow-at-google/ 
[36mINFO[0m[0044] requesting article https://stackoverflow.blog/2009/04/30/server-fault-private-beta-begins/ 
[36mINFO[0m[0044] requesting article https://stackoverflow.blog/2009/04/26/joke-questions-please-refrain/ 
[36mINFO[0m[0044] requesting article https://stackoverflow.blog/2009/04/30/googles-openids-are-unique-per-domain/ 
[36mINFO[0m[0044] requesting article https://stackoverflow.blog/2009/04/29/handling-duplicate-questions/ 
[36mINFO[0m[0044] requesting article https://stackoverflow.blog/2009/04/23/comments-top-n-shown/ 
[36mINFO[0m[0044] requesting article https://stackoverflow.blog/2009/04/29/podcast-51/ 
[36mINFO[0m[0045] requesting page https://stackoverflow.blog/company/page/61/ 
[36mINFO[0m[0045] requesting article https://stackoverflow.blog/2009/04/11/raising-a-red-flag/ 
[36mINFO[0m[0045] requesting article https://stackoverflow.blog/2009/04/16/comments-now-with-flags-and-votes/ 
[36mINFO[0m[0045] requesting article https://stackoverflow.blog/2009/04/13/stack-overflow-voting-pattern-analysis/ 
[36mINFO[0m[0045] requesting article https://stackoverflow.blog/2009/04/09/podcast-48/ 
[36mINFO[0m[0045] requesting article https://stackoverflow.blog/2009/04/08/in-defense-of-editing/ 
[36mINFO[0m[0045] requesting article https://stackoverflow.blog/2009/04/05/what-stack-overflow-can-teach-you/ 
[36mINFO[0m[0045] requesting article https://stackoverflow.blog/2009/04/15/podcast-49/ 
[36mINFO[0m[0045] requesting article https://stackoverflow.blog/2009/04/17/the-stack-overflow-question-lifecycle/ 
[36mINFO[0m[0045] requesting article https://stackoverflow.blog/2009/04/04/logo-design-contest-for-serverfaultcom/ 
[36mINFO[0m[0045] requesting article https://stackoverflow.blog/2009/04/06/a-day-in-the-penalty-box/ 
[36mINFO[0m[0045] requesting article https://stackoverflow.blog/2009/04/14/logo-contest-winner-for-serverfaultcom/ 
[36mINFO[0m[0046] requesting page https://stackoverflow.blog/company/page/62/ 
[36mINFO[0m[0046] requesting article https://stackoverflow.blog/2009/03/19/stack-overflow-podcast-bingo/ 
[36mINFO[0m[0046] requesting article https://stackoverflow.blog/2009/03/15/stack-overflow-and-bizspark/ 
[36mINFO[0m[0046] requesting article https://stackoverflow.blog/2009/03/16/it-stack-overflow-update-naming-is-hard/ 
[36mINFO[0m[0046] requesting article https://stackoverflow.blog/2009/03/25/responsible-advertising-feed-a-programmer/ 
[36mINFO[0m[0046] requesting article https://stackoverflow.blog/2009/04/02/no-we-have-not-forgotten-about-the-hacker-badge/ 
[36mINFO[0m[0046] requesting article https://stackoverflow.blog/2009/03/21/more-voting-anomalies/ 
[36mINFO[0m[0046] requesting article https://stackoverflow.blog/2009/03/20/podcast-46/ 
[36mINFO[0m[0046] requesting article https://stackoverflow.blog/2009/04/01/tuesday-outage-its-raid-tastic/ 
[36mINFO[0m[0046] requesting article https://stackoverflow.blog/2009/03/20/nominate-a-new-stack-overflow-moderator/ 
[36mINFO[0m[0046] requesting article https://stackoverflow.blog/2009/03/26/podcast-47/ 
[36mINFO[0m[0046] requesting article https://stackoverflow.blog/2009/03/13/jeff-and-joel-at-mix-09-live-podcast/ 
[36mINFO[0m[0046] requesting page https://stackoverflow.blog/company/page/63/ 
[36mINFO[0m[0046] requesting article https://stackoverflow.blog/2009/03/04/the-great-edit-wars/ 
[36mINFO[0m[0046] requesting article https://stackoverflow.blog/2009/02/20/our-backup-strategy-inexpensive-nas/ 
[36mINFO[0m[0046] requesting article https://stackoverflow.blog/2009/02/27/happy-100000th-question/ 
[36mINFO[0m[0046] requesting article https://stackoverflow.blog/2009/03/12/podcast-45/ 
[36mINFO[0m[0046] requesting article https://stackoverflow.blog/2009/03/09/the-value-of-downvoting-or-how-hacker-news-gets-it-wrong/ 
[36mINFO[0m[0046] requesting article https://stackoverflow.blog/2009/02/19/podcast-42/ 
[36mINFO[0m[0046] requesting article https://stackoverflow.blog/2009/02/26/podcast-43/ 
[36mINFO[0m[0046] requesting article https://stackoverflow.blog/2009/03/06/new-10k-rep-tools-now-available/ 
[36mINFO[0m[0046] requesting article https://stackoverflow.blog/2009/02/17/specialist-badge-implemented/ 
[36mINFO[0m[0046] requesting article https://stackoverflow.blog/2009/03/05/podcast-44/ 
[36mINFO[0m[0046] requesting article https://stackoverflow.blog/2009/02/21/new-question-answer-rate-limits/ 
[36mINFO[0m[0047] requesting page https://stackoverflow.blog/company/page/64/ 
[36mINFO[0m[0047] requesting article https://stackoverflow.blog/2009/02/16/when-is-an-account-abandoned/ 
[36mINFO[0m[0047] requesting article https://stackoverflow.blog/2009/02/12/podcast-41/ 
[36mINFO[0m[0047] requesting article https://stackoverflow.blog/2009/02/08/new-datacenter-migration/ 
[36mINFO[0m[0047] requesting article https://stackoverflow.blog/2009/02/05/podcast-40/ 
[36mINFO[0m[0047] requesting article https://stackoverflow.blog/2009/02/13/now-showing-email-notifications/ 
[36mINFO[0m[0047] requesting article https://stackoverflow.blog/2009/02/06/server-speed-tests/ 
[36mINFO[0m[0047] requesting article https://stackoverflow.blog/2009/01/29/new-replies-notification/ 
[36mINFO[0m[0047] requesting article https://stackoverflow.blog/2009/01/30/updated-wmd-editor/ 
[36mINFO[0m[0047] requesting article https://stackoverflow.blog/2009/01/27/reputation-bounty-for-unanswered-questions/ 
[36mINFO[0m[0047] requesting article https://stackoverflow.blog/2009/02/01/the-stack-overflow-development-process/ 
[36mINFO[0m[0047] requesting article https://stackoverflow.blog/2009/01/30/podcast-39/ 
[36mINFO[0m[0048] requesting page https://stackoverflow.blog/company/page/65/ 
[36mINFO[0m[0048] requesting article https://stackoverflow.blog/2009/01/11/welcome-our-newest-member-alan-kay/ 
[36mINFO[0m[0048] requesting article https://stackoverflow.blog/2009/01/15/podcast-37/ 
[36mINFO[0m[0048] requesting article https://stackoverflow.blog/2009/01/14/where-in-the-world-do-stack-overflow-users-come-from/ 
[36mINFO[0m[0048] requesting article https://stackoverflow.blog/2009/01/22/podcast-38/ 
[36mINFO[0m[0048] requesting article https://stackoverflow.blog/2009/01/24/adventures-in-delclusionism/ 
[36mINFO[0m[0048] requesting article https://stackoverflow.blog/2009/01/17/furtheradventures-of-a-raid-noob/ 
[36mINFO[0m[0048] requesting article https://stackoverflow.blog/2009/01/12/new-stack-overflow-server-glamour-shots/ 
[36mINFO[0m[0048] requesting article https://stackoverflow.blog/2009/01/25/new-stack-overflow-servers-ready/ 
[36mINFO[0m[0048] requesting article https://stackoverflow.blog/2009/01/10/wmd-editor-reverse-engineered/ 
[36mINFO[0m[0048] requesting article https://stackoverflow.blog/2009/01/08/podcast-36/ 
[36mINFO[0m[0048] requesting article https://stackoverflow.blog/2009/01/14/coming-in-march-it-stack-overflow/ 
[36mINFO[0m[0049] requesting page https://stackoverflow.blog/company/page/66/ 
[36mINFO[0m[0049] requesting article https://stackoverflow.blog/2009/01/01/podcast-35/ 
[36mINFO[0m[0049] requesting article https://stackoverflow.blog/2008/12/24/a-stack-overflow-holiday/ 
[36mINFO[0m[0049] requesting article https://stackoverflow.blog/2009/01/06/welcome-stack-overflow-valued-associate-00002/ 
[36mINFO[0m[0049] requesting article https://stackoverflow.blog/2009/01/06/accept-your-own-answers/ 
[36mINFO[0m[0049] requesting article https://stackoverflow.blog/2009/01/06/the-best-time-to-ask-a-stack-overflow-question/ 
[36mINFO[0m[0049] requesting article https://stackoverflow.blog/2008/12/31/daily-dose-of-daily-reputation-ca/ 
[36mINFO[0m[0049] requesting article https://stackoverflow.blog/2008/12/31/i-move-to-close-this-question/ 
[36mINFO[0m[0049] requesting article https://stackoverflow.blog/2008/12/28/reverse-engineering-the-wmd-editor/ 
[36mINFO[0m[0049] requesting article https://stackoverflow.blog/2009/01/03/we-now-support-multiple-openids/ 
[36mINFO[0m[0049] requesting article https://stackoverflow.blog/2009/01/05/using-your-own-url-as-your-openid/ 
[36mINFO[0m[0049] requesting article https://stackoverflow.blog/2008/12/27/new-uservoice-moderator/ 
[36mINFO[0m[0049] requesting page https://stackoverflow.blog/company/page/67/ 
[36mINFO[0m[0049] requesting article https://stackoverflow.blog/2008/11/25/stack-overflow-is-you/ 
[36mINFO[0m[0049] requesting article https://stackoverflow.blog/2008/11/27/podcast-31/ 
[36mINFO[0m[0049] requesting article https://stackoverflow.blog/2008/12/04/podcast-32/ 
[36mINFO[0m[0049] requesting article https://stackoverflow.blog/2008/12/23/vote-fraud-and-you/ 
[36mINFO[0m[0049] requesting article https://stackoverflow.blog/2008/12/13/uservoice-supports-openid/ 
[36mINFO[0m[0049] requesting article https://stackoverflow.blog/2008/12/10/server-hosting-rent-vs-buy/ 
[36mINFO[0m[0049] requesting article https://stackoverflow.blog/2008/12/01/why-cant-i-accept-my-own-answer/ 
[36mINFO[0m[0049] requesting article https://stackoverflow.blog/2008/11/20/podcast-30/ 
[36mINFO[0m[0049] requesting article https://stackoverflow.blog/2008/11/13/podcast-29/ 
[36mINFO[0m[0049] requesting article https://stackoverflow.blog/2008/12/11/podcast-33/ 
[36mINFO[0m[0049] requesting article https://stackoverflow.blog/2008/12/18/podcast-34/ 
[36mINFO[0m[0050] requesting page https://stackoverflow.blog/company/page/68/ 
[36mINFO[0m[0050] requesting article https://stackoverflow.blog/2008/11/06/podcast-28/ 
[36mINFO[0m[0050] requesting article https://stackoverflow.blog/2008/10/17/stack-overflow-search-now-51-less-crappy/ 
[36mINFO[0m[0050] requesting article https://stackoverflow.blog/2008/10/25/script-responsibly/ 
[36mINFO[0m[0050] requesting article https://stackoverflow.blog/2008/10/23/no-podcast-this-week-suggested-guests/ 
[36mINFO[0m[0050] requesting article https://stackoverflow.blog/2008/10/26/see-you-at-pdc-2008/ 
[36mINFO[0m[0050] requesting article https://stackoverflow.blog/2008/11/01/podcast-27/ 
[36mINFO[0m[0050] requesting article https://stackoverflow.blog/2008/10/21/expressing-your-tag-preferences/ 
[36mINFO[0m[0050] requesting article https://stackoverflow.blog/2008/10/23/stack-overflow-openid-case-study/ 
[36mINFO[0m[0050] requesting article https://stackoverflow.blog/2008/11/01/sql-2008-full-text-search-problems/ 
[36mINFO[0m[0050] requesting article https://stackoverflow.blog/2008/10/29/adde-a-second-server/ 
[36mINFO[0m[0050] requesting article https://stackoverflow.blog/2008/10/18/stack-overflow-on-hanselminutes/ 
[36mINFO[0m[0051] requesting page https://stackoverflow.blog/company/page/69/ 
[36mINFO[0m[0051] requesting article https://stackoverflow.blog/2008/09/24/podcast-23/ 
[36mINFO[0m[0051] requesting article https://stackoverflow.blog/2008/10/13/tags-and-tags-or-tags/ 
[36mINFO[0m[0051] requesting article https://stackoverflow.blog/2008/10/16/podcast-26/ 
[36mINFO[0m[0051] requesting article https://stackoverflow.blog/2008/10/06/solving-the-fastest-gun-in-the-west-problem/ 
[36mINFO[0m[0051] requesting article https://stackoverflow.blog/2008/09/30/i-dont-give-a-damn-about-my-reputation/ 
[36mINFO[0m[0051] requesting article https://stackoverflow.blog/2008/10/09/podcast-25/ 
[36mINFO[0m[0051] requesting article https://stackoverflow.blog/2008/10/05/youre-my-favorite/ 
[36mINFO[0m[0051] requesting article https://stackoverflow.blog/2008/10/12/a-question-about-questions/ 
[36mINFO[0m[0051] requesting article https://stackoverflow.blog/2008/09/21/what-was-stack-overflow-built-with/ 
[36mINFO[0m[0051] requesting article https://stackoverflow.blog/2008/09/30/ok-now-define-answered/ 
[36mINFO[0m[0051] requesting article https://stackoverflow.blog/2008/10/01/podcast-24/ 
[36mINFO[0m[0052] requesting page https://stackoverflow.blog/company/page/70/ 
[36mINFO[0m[0052] requesting article https://stackoverflow.blog/2008/08/28/podcast-19/ 
[36mINFO[0m[0052] requesting article https://stackoverflow.blog/2008/09/03/podcast-20/ 
[36mINFO[0m[0052] requesting article https://stackoverflow.blog/2008/09/18/podcast-22/ 
[36mINFO[0m[0052] requesting article https://stackoverflow.blog/2008/08/13/podcast-17/ 
[36mINFO[0m[0052] requesting article https://stackoverflow.blog/2008/08/12/special-development-team-podcast/ 
[36mINFO[0m[0052] requesting article https://stackoverflow.blog/2008/08/21/podcast-18/ 
[36mINFO[0m[0052] requesting article https://stackoverflow.blog/2008/09/15/then-a-miracle-occurs-public-beta/ 
[36mINFO[0m[0052] requesting article https://stackoverflow.blog/2008/08/25/stack-overflow-on-herding-code/ 
[36mINFO[0m[0052] requesting article https://stackoverflow.blog/2008/09/11/podcast-21/ 
[36mINFO[0m[0052] requesting article https://stackoverflow.blog/2008/09/11/help-us-beta-test/ 
[36mINFO[0m[0052] requesting article https://stackoverflow.blog/2008/08/28/i-guess-thats-why-they-call-it-beta/ 
[36mINFO[0m[0052] requesting page https://stackoverflow.blog/company/page/71/ 
[36mINFO[0m[0052] requesting article https://stackoverflow.blog/2008/07/26/stack-overflow-beta-design/ 
[36mINFO[0m[0052] requesting article https://stackoverflow.blog/2008/08/06/bad-news-good-news/ 
[36mINFO[0m[0052] requesting article https://stackoverflow.blog/2008/08/01/stack-overflow-private-beta-begins/ 
[36mINFO[0m[0052] requesting article https://stackoverflow.blog/2008/07/30/podcast-16/ 
[36mINFO[0m[0052] requesting article https://stackoverflow.blog/2008/07/12/stack-overflow-badge-feedbac/ 
[36mINFO[0m[0052] requesting article https://stackoverflow.blog/2008/07/10/podcast-13/ 
[36mINFO[0m[0052] requesting article https://stackoverflow.blog/2008/07/16/podcast-14/ 
[36mINFO[0m[0052] requesting article https://stackoverflow.blog/2008/07/21/dates-relative-or-absolute/ 
[36mINFO[0m[0052] requesting article https://stackoverflow.blog/2008/07/24/podcast-15/ 
[36mINFO[0m[0052] requesting article https://stackoverflow.blog/2008/07/18/easy-background-tasks-in-aspnet/ 
[36mINFO[0m[0052] requesting article https://stackoverflow.blog/2008/07/02/podcast-12/ 
[36mINFO[0m[0053] requesting page https://stackoverflow.blog/company/page/72/ 
[36mINFO[0m[0053] requesting article https://stackoverflow.blog/2008/06/30/listen-to-podcasts-in-less-time/ 
[36mINFO[0m[0053] requesting article https://stackoverflow.blog/2008/06/21/a-strangely-familiar-error/ 
[36mINFO[0m[0053] requesting article https://stackoverflow.blog/2008/06/25/three-markdown-gotcha/ 
[36mINFO[0m[0053] requesting article https://stackoverflow.blog/2008/06/09/is-it-ok-to-require-javascript/ 
[36mINFO[0m[0053] requesting article https://stackoverflow.blog/2008/06/20/safe-html-and-xss/ 
[36mINFO[0m[0053] requesting article https://stackoverflow.blog/2008/06/26/podcast-11/ 
[36mINFO[0m[0053] requesting article https://stackoverflow.blog/2008/06/14/dropping-the-www-prefix/ 
[36mINFO[0m[0053] requesting article https://stackoverflow.blog/2008/06/04/podcast-8/ 
[36mINFO[0m[0053] requesting article https://stackoverflow.blog/2008/06/19/podcast-10/ 
[36mINFO[0m[0053] requesting article https://stackoverflow.blog/2008/06/18/gravatars-identicons-and-you/ 
[36mINFO[0m[0053] requesting article https://stackoverflow.blog/2008/06/11/podcast-9/ 
[36mINFO[0m[0054] requesting page https://stackoverflow.blog/company/page/73/ 
[36mINFO[0m[0054] requesting article https://stackoverflow.blog/2008/04/28/our-dedicated-server/ 
[36mINFO[0m[0054] requesting article https://stackoverflow.blog/2008/05/15/recording-podcast-questions-using-your-telephone/ 
[36mINFO[0m[0054] requesting article https://stackoverflow.blog/2008/04/30/logo-design-contest-winner/ 
[36mINFO[0m[0054] requesting article https://stackoverflow.blog/2008/04/30/podcast-3/ 
[36mINFO[0m[0054] requesting article https://stackoverflow.blog/2008/05/14/podcast-5/ 
[36mINFO[0m[0054] requesting article https://stackoverflow.blog/2008/05/20/podcast-6/ 
[36mINFO[0m[0054] requesting article https://stackoverflow.blog/2008/05/22/potential-markup-and-editing-choices/ 
[36mINFO[0m[0054] requesting article https://stackoverflow.blog/2008/05/07/podcast-4/ 
[36mINFO[0m[0054] requesting article https://stackoverflow.blog/2008/05/28/podcast-7/ 
[36mINFO[0m[0054] requesting article https://stackoverflow.blog/2008/05/19/update-your-flash-player/ 
[36mINFO[0m[0054] requesting article https://stackoverflow.blog/2008/05/05/now-licensed-under-creative-commons/ 
[36mINFO[0m[0054] requesting article https://stackoverflow.blog/2008/04/17/podcast-1/ 
[36mINFO[0m[0054] requesting article https://stackoverflow.blog/2008/04/24/logo-design-contest/ 
[36mINFO[0m[0054] requesting article https://stackoverflow.blog/2008/04/23/podcast-2/ 
